#
# There is insufficient memory for the Java Runtime Environment to continue.
# Native memory allocation (mmap) failed to map 79691776 bytes for G1 virtual space
# Possible reasons:
#   The system is out of physical RAM or swap space
#   The process is running with CompressedOops enabled, and the Java Heap may be blocking the growth of the native heap
# Possible solutions:
#   Reduce memory load on the system
#   Increase physical memory or swap space
#   Check if swap backing store is full
#   Decrease Java heap size (-Xmx/-Xms)
#   Decrease number of Java threads
#   Decrease Java thread stack sizes (-Xss)
#   Set larger code cache with -XX:ReservedCodeCacheSize=
#   JVM is running with Unscaled Compressed Oops mode in which the Java heap is
#     placed in the first 4GB address space. The Java Heap base address is the
#     maximum limit for the native heap growth. Please use -XX:HeapBaseMinAddress
#     to set the Java Heap base and to place the Java Heap above 4GB virtual address.
# This output file may be truncated or incomplete.
#
#  Out of Memory Error (os_windows.cpp:3535), pid=1264, tid=5136
#
# JRE version: Java(TM) SE Runtime Environment (17.0.3+8) (build 17.0.3+8-LTS-111)
# Java VM: Java HotSpot(TM) 64-Bit Server VM (17.0.3+8-LTS-111, mixed mode, sharing, tiered, compressed oops, compressed class ptrs, g1 gc, windows-amd64)
# Core dump will be written. Default location: C:\Users\Administrador.WS2012\Desktop\wwf_mundo\z-Local Server\service-staff\hs_err_pid1264.mdmp
#

---------------  S U M M A R Y ------------

Command Line: C:\Users\ADMINI~1.WS2\AppData\Local\Temp\surefire13140428345670611247\surefirebooter6203477508763304094.jar C:\Users\Administrador.WS2012\AppData\Local\Temp\surefire13140428345670611247 2022-07-27T04-52-54_935-jvmRun1 surefire7941120518291222587tmp surefire_07310991170299723271tmp

Host: AMD Athlon(tm) II X4 630 Processor, 4 cores, 3G,  Windows Server 2012 R2 , 64 bit Build 9600 (6.3.9600.20389)
Time: Wed Jul 27 04:58:05 2022 Hora estándar de Paraguay elapsed time: 281.529486 seconds (0d 0h 4m 41s)

---------------  T H R E A D  ---------------

Current thread (0x0000003a36c8d140):  VMThread "VM Thread" [stack: 0x0000003a36d60000,0x0000003a36e60000] [id=5136]

Stack: [0x0000003a36d60000,0x0000003a36e60000]
Native frames: (J=compiled Java code, j=interpreted, Vv=VM code, C=native code)
V  [jvm.dll+0x6711ba]
V  [jvm.dll+0x7d0834]
V  [jvm.dll+0x7d1fde]
V  [jvm.dll+0x7d2643]
V  [jvm.dll+0x242c85]
V  [jvm.dll+0x66e0d9]
V  [jvm.dll+0x662a22]
V  [jvm.dll+0x300ddb]
V  [jvm.dll+0x308376]
V  [jvm.dll+0x357f7e]
V  [jvm.dll+0x3581af]
V  [jvm.dll+0x2d7ff8]
V  [jvm.dll+0x2d62c4]
V  [jvm.dll+0x2d58cc]
V  [jvm.dll+0x31933b]
V  [jvm.dll+0x7d6b1b]
V  [jvm.dll+0x7d7854]
V  [jvm.dll+0x7d7d6c]
V  [jvm.dll+0x7d8144]
V  [jvm.dll+0x7d8210]
V  [jvm.dll+0x780aca]
V  [jvm.dll+0x670045]
C  [ucrtbase.DLL+0x1d912]
C  [KERNEL32.DLL+0x1412]
C  [ntdll.dll+0x15504]

VM_Operation (0x0000003a1afaaaf0): G1CollectForAllocation, mode: safepoint, requested by thread 0x0000003a1b805d40


---------------  P R O C E S S  ---------------

Threads class SMR info:
_java_thread_list=0x0000003a3a443630, length=16, elements={
0x0000003a1b805d40, 0x0000003a36c8ff80, 0x0000003a36c92820, 0x0000003a36ca86d0,
0x0000003a36caa1a0, 0x0000003a36caad50, 0x0000003a36cad710, 0x0000003a36cae4a0,
0x0000003a36caef40, 0x0000003a36cb20e0, 0x0000003a38187fa0, 0x0000003a38193b40,
0x0000003a381ba640, 0x0000003a3832d1e0, 0x0000003a38f426f0, 0x0000003a3831c1b0
}

Java Threads: ( => current thread )
  0x0000003a1b805d40 JavaThread "main" [_thread_blocked, id=3036, stack(0x0000003a1aeb0000,0x0000003a1afb0000)]
  0x0000003a36c8ff80 JavaThread "Reference Handler" daemon [_thread_blocked, id=1836, stack(0x0000003a36e60000,0x0000003a36f60000)]
  0x0000003a36c92820 JavaThread "Finalizer" daemon [_thread_blocked, id=6568, stack(0x0000003a37800000,0x0000003a37900000)]
  0x0000003a36ca86d0 JavaThread "Signal Dispatcher" daemon [_thread_blocked, id=4692, stack(0x0000003a37a00000,0x0000003a37b00000)]
  0x0000003a36caa1a0 JavaThread "Attach Listener" daemon [_thread_blocked, id=3148, stack(0x0000003a37b00000,0x0000003a37c00000)]
  0x0000003a36caad50 JavaThread "Service Thread" daemon [_thread_blocked, id=2712, stack(0x0000003a37c00000,0x0000003a37d00000)]
  0x0000003a36cad710 JavaThread "Monitor Deflation Thread" daemon [_thread_blocked, id=6048, stack(0x0000003a37d00000,0x0000003a37e00000)]
  0x0000003a36cae4a0 JavaThread "C2 CompilerThread0" daemon [_thread_blocked, id=6020, stack(0x0000003a37e00000,0x0000003a37f00000)]
  0x0000003a36caef40 JavaThread "C1 CompilerThread0" daemon [_thread_blocked, id=4716, stack(0x0000003a37f00000,0x0000003a38000000)]
  0x0000003a36cb20e0 JavaThread "Sweeper thread" daemon [_thread_blocked, id=1916, stack(0x0000003a38000000,0x0000003a38100000)]
  0x0000003a38187fa0 JavaThread "Notification Thread" daemon [_thread_blocked, id=6580, stack(0x0000003a38500000,0x0000003a38600000)]
  0x0000003a38193b40 JavaThread "Common-Cleaner" daemon [_thread_blocked, id=4408, stack(0x0000003a38700000,0x0000003a38800000)]
  0x0000003a381ba640 JavaThread "surefire-forkedjvm-command-thread" daemon [_thread_blocked, id=4004, stack(0x0000003a38800000,0x0000003a38900000)]
  0x0000003a3832d1e0 JavaThread "surefire-forkedjvm-ping-30s" daemon [_thread_blocked, id=7776, stack(0x0000003a38900000,0x0000003a38a00000)]
  0x0000003a38f426f0 JavaThread "mysql-cj-abandoned-connection-cleanup" daemon [_thread_blocked, id=7036, stack(0x0000003a3c6b0000,0x0000003a3c7b0000)]
  0x0000003a3831c1b0 JavaThread "C2 CompilerThread1" daemon [_thread_blocked, id=5952, stack(0x0000003a3e9d0000,0x0000003a3ead0000)]

Other Threads:
=>0x0000003a36c8d140 VMThread "VM Thread" [stack: 0x0000003a36d60000,0x0000003a36e60000] [id=5136]
  0x0000003a3818a890 WatcherThread [stack: 0x0000003a38600000,0x0000003a38700000] [id=6248]
  0x0000003a1b83f700 GCTaskThread "GC Thread#0" [stack: 0x0000003a34210000,0x0000003a34310000] [id=6112]
  0x0000003a38cdd7c0 GCTaskThread "GC Thread#1" [stack: 0x0000003a39200000,0x0000003a39300000] [id=6640]
  0x0000003a383b3a30 GCTaskThread "GC Thread#2" [stack: 0x0000003a39300000,0x0000003a39400000] [id=3016]
  0x0000003a3824a810 GCTaskThread "GC Thread#3" [stack: 0x0000003a39400000,0x0000003a39500000] [id=6992]
  0x0000003a1b849660 ConcurrentGCThread "G1 Main Marker" [stack: 0x0000003a34310000,0x0000003a34410000] [id=2872]
  0x0000003a1b84ac30 ConcurrentGCThread "G1 Conc#0" [stack: 0x0000003a34410000,0x0000003a34510000] [id=5796]
  0x0000003a1b88c670 ConcurrentGCThread "G1 Refine#0" [stack: 0x0000003a36960000,0x0000003a36a60000] [id=3276]
  0x0000003a38426500 ConcurrentGCThread "G1 Refine#1" [stack: 0x0000003a39500000,0x0000003a39600000] [id=4308]
  0x0000003a1b88d090 ConcurrentGCThread "G1 Service" [stack: 0x0000003a36a60000,0x0000003a36b60000] [id=3240]

Threads with active compile tasks:
C2 CompilerThread0   287767 7170       4       org.hibernate.internal.util.ReflectHelper::findGetterMethodForFieldAccess (176 bytes)
C2 CompilerThread1   287767 7091   !   4       net.bytebuddy.description.annotation.AnnotationDescription$ForLoadedAnnotation::getValue (384 bytes)

VM state: at safepoint (normal execution)

VM Mutex/Monitor currently owned by a thread:  ([mutex/lock_event])
[0x0000003a1b8019e0] Threads_lock - owner thread: 0x0000003a36c8d140
[0x0000003a1b800f30] Heap_lock - owner thread: 0x0000003a1b805d40

Heap address: 0x00000000c4000000, size: 960 MB, Compressed Oops mode: 32-bit

CDS archive(s) mapped at: [0x0000000800000000-0x0000000800bc0000-0x0000000800bc0000), size 12320768, SharedBaseAddress: 0x0000000800000000, ArchiveRelocationMode: 0.
Compressed class space mapped at: 0x0000000800c00000-0x0000000840c00000, reserved size: 1073741824
Narrow klass base: 0x0000000800000000, Narrow klass shift: 0, Narrow klass range: 0x100000000

GC Precious Log:
 CPUs: 4 total, 4 available
 Memory: 3839M
 Large Page Support: Disabled
 NUMA Support: Disabled
 Compressed Oops: Enabled (32-bit)
 Heap Region Size: 1M
 Heap Min Capacity: 8M
 Heap Initial Capacity: 60M
 Heap Max Capacity: 960M
 Pre-touch: Disabled
 Parallel Workers: 4
 Concurrent Workers: 1
 Concurrent Refinement Workers: 4
 Periodic GC: Disabled

Heap:
 garbage-first heap   total 71680K, used 31912K [0x00000000c4000000, 0x0000000100000000)
  region size 1024K, 1 young (1024K), 1 survivors (1024K)
 Metaspace       used 53740K, committed 54080K, reserved 1097728K
  class space    used 7082K, committed 7232K, reserved 1048576K

Heap Regions: E=young(eden), S=young(survivor), O=old, HS=humongous(starts), HC=humongous(continues), CS=collection set, F=free, OA=open archive, CA=closed archive, TAMS=top-at-mark-start (previous, next)
|   0|0x00000000c4000000, 0x00000000c4100000, 0x00000000c4100000|100%| O|  |TAMS 0x00000000c4100000, 0x00000000c4000000| Untracked 
|   1|0x00000000c4100000, 0x00000000c4200000, 0x00000000c4200000|100%|HS|  |TAMS 0x00000000c4200000, 0x00000000c4100000| Complete 
|   2|0x00000000c4200000, 0x00000000c4300000, 0x00000000c4300000|100%| O|  |TAMS 0x00000000c4300000, 0x00000000c4200000| Untracked 
|   3|0x00000000c4300000, 0x00000000c4400000, 0x00000000c4400000|100%| O|  |TAMS 0x00000000c4400000, 0x00000000c4300000| Untracked 
|   4|0x00000000c4400000, 0x00000000c4500000, 0x00000000c4500000|100%| O|  |TAMS 0x00000000c4500000, 0x00000000c4400000| Untracked 
|   5|0x00000000c4500000, 0x00000000c4600000, 0x00000000c4600000|100%| O|  |TAMS 0x00000000c4600000, 0x00000000c4500000| Untracked 
|   6|0x00000000c4600000, 0x00000000c4700000, 0x00000000c4700000|100%| O|  |TAMS 0x00000000c4700000, 0x00000000c4600000| Untracked 
|   7|0x00000000c4700000, 0x00000000c4800000, 0x00000000c4800000|100%| O|  |TAMS 0x00000000c4800000, 0x00000000c4700000| Untracked 
|   8|0x00000000c4800000, 0x00000000c4900000, 0x00000000c4900000|100%| O|  |TAMS 0x00000000c4900000, 0x00000000c4800000| Untracked 
|   9|0x00000000c4900000, 0x00000000c4a00000, 0x00000000c4a00000|100%| O|  |TAMS 0x00000000c4a00000, 0x00000000c4900000| Untracked 
|  10|0x00000000c4a00000, 0x00000000c4b00000, 0x00000000c4b00000|100%| O|  |TAMS 0x00000000c4b00000, 0x00000000c4a00000| Untracked 
|  11|0x00000000c4b00000, 0x00000000c4c00000, 0x00000000c4c00000|100%| O|  |TAMS 0x00000000c4b00000, 0x00000000c4b00000| Untracked 
|  12|0x00000000c4c00000, 0x00000000c4d00000, 0x00000000c4d00000|100%| O|  |TAMS 0x00000000c4d00000, 0x00000000c4c00000| Untracked 
|  13|0x00000000c4d00000, 0x00000000c4e00000, 0x00000000c4e00000|100%| O|  |TAMS 0x00000000c4e00000, 0x00000000c4d00000| Untracked 
|  14|0x00000000c4e00000, 0x00000000c4f00000, 0x00000000c4f00000|100%| O|  |TAMS 0x00000000c4f00000, 0x00000000c4e00000| Untracked 
|  15|0x00000000c4f00000, 0x00000000c5000000, 0x00000000c5000000|100%| O|  |TAMS 0x00000000c5000000, 0x00000000c4f00000| Untracked 
|  16|0x00000000c5000000, 0x00000000c5100000, 0x00000000c5100000|100%| O|  |TAMS 0x00000000c5100000, 0x00000000c5000000| Untracked 
|  17|0x00000000c5100000, 0x00000000c5200000, 0x00000000c5200000|100%| O|  |TAMS 0x00000000c5200000, 0x00000000c5100000| Untracked 
|  18|0x00000000c5200000, 0x00000000c5300000, 0x00000000c5300000|100%| O|  |TAMS 0x00000000c5300000, 0x00000000c5200000| Untracked 
|  19|0x00000000c5300000, 0x00000000c5400000, 0x00000000c5400000|100%| O|  |TAMS 0x00000000c5400000, 0x00000000c5300000| Untracked 
|  20|0x00000000c5400000, 0x00000000c5500000, 0x00000000c5500000|100%| O|  |TAMS 0x00000000c5500000, 0x00000000c5400000| Untracked 
|  21|0x00000000c5500000, 0x00000000c5600000, 0x00000000c5600000|100%| O|  |TAMS 0x00000000c5600000, 0x00000000c5500000| Untracked 
|  22|0x00000000c5600000, 0x00000000c5700000, 0x00000000c5700000|100%| O|  |TAMS 0x00000000c5700000, 0x00000000c5600000| Untracked 
|  23|0x00000000c5700000, 0x00000000c5800000, 0x00000000c5800000|100%| O|  |TAMS 0x00000000c5800000, 0x00000000c5700000| Untracked 
|  24|0x00000000c5800000, 0x00000000c5900000, 0x00000000c5900000|100%| O|  |TAMS 0x00000000c5900000, 0x00000000c5800000| Untracked 
|  25|0x00000000c5900000, 0x00000000c5a00000, 0x00000000c5a00000|100%| O|  |TAMS 0x00000000c5a00000, 0x00000000c5900000| Untracked 
|  26|0x00000000c5a00000, 0x00000000c5b00000, 0x00000000c5b00000|100%| O|  |TAMS 0x00000000c5b00000, 0x00000000c5a00000| Untracked 
|  27|0x00000000c5b00000, 0x00000000c5c00000, 0x00000000c5c00000|100%| O|  |TAMS 0x00000000c5c00000, 0x00000000c5b00000| Untracked 
|  28|0x00000000c5c00000, 0x00000000c5d00000, 0x00000000c5d00000|100%| O|  |TAMS 0x00000000c5d00000, 0x00000000c5c00000| Untracked 
|  29|0x00000000c5d00000, 0x00000000c5d00000, 0x00000000c5e00000|  0%| F|  |TAMS 0x00000000c5d00000, 0x00000000c5d00000| Untracked 
|  30|0x00000000c5e00000, 0x00000000c5f00000, 0x00000000c5f00000|100%| O|  |TAMS 0x00000000c5e00000, 0x00000000c5e00000| Untracked 
|  31|0x00000000c5f00000, 0x00000000c5fb1200, 0x00000000c6000000| 69%| O|  |TAMS 0x00000000c5f00000, 0x00000000c5f00000| Untracked 
|  32|0x00000000c6000000, 0x00000000c6000000, 0x00000000c6100000|  0%| F|  |TAMS 0x00000000c6000000, 0x00000000c6000000| Untracked 
|  33|0x00000000c6100000, 0x00000000c6100000, 0x00000000c6200000|  0%| F|  |TAMS 0x00000000c6100000, 0x00000000c6100000| Untracked 
|  34|0x00000000c6200000, 0x00000000c6200000, 0x00000000c6300000|  0%| F|  |TAMS 0x00000000c6200000, 0x00000000c6200000| Untracked 
|  35|0x00000000c6300000, 0x00000000c6300000, 0x00000000c6400000|  0%| F|  |TAMS 0x00000000c6300000, 0x00000000c6300000| Untracked 
|  36|0x00000000c6400000, 0x00000000c6400000, 0x00000000c6500000|  0%| F|  |TAMS 0x00000000c6400000, 0x00000000c6400000| Untracked 
|  37|0x00000000c6500000, 0x00000000c6500000, 0x00000000c6600000|  0%| F|  |TAMS 0x00000000c6500000, 0x00000000c6500000| Untracked 
|  38|0x00000000c6600000, 0x00000000c6600000, 0x00000000c6700000|  0%| F|  |TAMS 0x00000000c6600000, 0x00000000c6600000| Untracked 
|  39|0x00000000c6700000, 0x00000000c6700000, 0x00000000c6800000|  0%| F|  |TAMS 0x00000000c6700000, 0x00000000c6700000| Untracked 
|  40|0x00000000c6800000, 0x00000000c6800000, 0x00000000c6900000|  0%| F|  |TAMS 0x00000000c6800000, 0x00000000c6800000| Untracked 
|  41|0x00000000c6900000, 0x00000000c6900000, 0x00000000c6a00000|  0%| F|  |TAMS 0x00000000c6900000, 0x00000000c6900000| Untracked 
|  42|0x00000000c6a00000, 0x00000000c6a79060, 0x00000000c6b00000| 47%| S|CS|TAMS 0x00000000c6a00000, 0x00000000c6a00000| Complete 
|  43|0x00000000c6b00000, 0x00000000c6b00000, 0x00000000c6c00000|  0%| F|  |TAMS 0x00000000c6b00000, 0x00000000c6b00000| Untracked 
|  44|0x00000000c6c00000, 0x00000000c6c00000, 0x00000000c6d00000|  0%| F|  |TAMS 0x00000000c6c00000, 0x00000000c6c00000| Untracked 
|  45|0x00000000c6d00000, 0x00000000c6d00000, 0x00000000c6e00000|  0%| F|  |TAMS 0x00000000c6d00000, 0x00000000c6d00000| Untracked 
|  46|0x00000000c6e00000, 0x00000000c6e00000, 0x00000000c6f00000|  0%| F|  |TAMS 0x00000000c6e00000, 0x00000000c6e00000| Untracked 
|  47|0x00000000c6f00000, 0x00000000c6f00000, 0x00000000c7000000|  0%| F|  |TAMS 0x00000000c6f00000, 0x00000000c6f00000| Untracked 
|  48|0x00000000c7000000, 0x00000000c7000000, 0x00000000c7100000|  0%| F|  |TAMS 0x00000000c7000000, 0x00000000c7000000| Untracked 
|  49|0x00000000c7100000, 0x00000000c7100000, 0x00000000c7200000|  0%| F|  |TAMS 0x00000000c7100000, 0x00000000c7100000| Untracked 
|  50|0x00000000c7200000, 0x00000000c7200000, 0x00000000c7300000|  0%| F|  |TAMS 0x00000000c7200000, 0x00000000c7200000| Untracked 
|  51|0x00000000c7300000, 0x00000000c7300000, 0x00000000c7400000|  0%| F|  |TAMS 0x00000000c7300000, 0x00000000c7300000| Untracked 
|  52|0x00000000c7400000, 0x00000000c7400000, 0x00000000c7500000|  0%| F|  |TAMS 0x00000000c7400000, 0x00000000c7400000| Untracked 
|  53|0x00000000c7500000, 0x00000000c7500000, 0x00000000c7600000|  0%| F|  |TAMS 0x00000000c7500000, 0x00000000c7500000| Untracked 
|  54|0x00000000c7600000, 0x00000000c7600000, 0x00000000c7700000|  0%| F|  |TAMS 0x00000000c7600000, 0x00000000c7600000| Untracked 
|  55|0x00000000c7700000, 0x00000000c7700000, 0x00000000c7800000|  0%| F|  |TAMS 0x00000000c7700000, 0x00000000c7700000| Untracked 
|  56|0x00000000c7800000, 0x00000000c7800000, 0x00000000c7900000|  0%| F|  |TAMS 0x00000000c7800000, 0x00000000c7800000| Untracked 
|  57|0x00000000c7900000, 0x00000000c7900000, 0x00000000c7a00000|  0%| F|  |TAMS 0x00000000c7900000, 0x00000000c7900000| Untracked 
|  58|0x00000000c7a00000, 0x00000000c7a00000, 0x00000000c7b00000|  0%| F|  |TAMS 0x00000000c7a00000, 0x00000000c7a00000| Untracked 
|  59|0x00000000c7b00000, 0x00000000c7b00000, 0x00000000c7c00000|  0%| F|  |TAMS 0x00000000c7b00000, 0x00000000c7b00000| Untracked 
|  60|0x00000000c7c00000, 0x00000000c7c00000, 0x00000000c7d00000|  0%| F|  |TAMS 0x00000000c7c00000, 0x00000000c7c00000| Untracked 
|  61|0x00000000c7d00000, 0x00000000c7d00000, 0x00000000c7e00000|  0%| F|  |TAMS 0x00000000c7d00000, 0x00000000c7d00000| Untracked 
|  62|0x00000000c7e00000, 0x00000000c7e00000, 0x00000000c7f00000|  0%| F|  |TAMS 0x00000000c7e00000, 0x00000000c7e00000| Untracked 
|  63|0x00000000c7f00000, 0x00000000c7f00000, 0x00000000c8000000|  0%| F|  |TAMS 0x00000000c7f00000, 0x00000000c7f00000| Untracked 
|  64|0x00000000c8000000, 0x00000000c8000000, 0x00000000c8100000|  0%| F|  |TAMS 0x00000000c8000000, 0x00000000c8000000| Untracked 
|  65|0x00000000c8100000, 0x00000000c8100000, 0x00000000c8200000|  0%| F|  |TAMS 0x00000000c8100000, 0x00000000c8100000| Untracked 
|  66|0x00000000c8200000, 0x00000000c8200000, 0x00000000c8300000|  0%| F|  |TAMS 0x00000000c8200000, 0x00000000c8200000| Untracked 
|  67|0x00000000c8300000, 0x00000000c8300000, 0x00000000c8400000|  0%| F|  |TAMS 0x00000000c8300000, 0x00000000c8300000| Untracked 
|  68|0x00000000c8400000, 0x00000000c8400000, 0x00000000c8500000|  0%| F|  |TAMS 0x00000000c8400000, 0x00000000c8400000| Untracked 
|  69|0x00000000c8500000, 0x00000000c8500000, 0x00000000c8600000|  0%| F|  |TAMS 0x00000000c8500000, 0x00000000c8500000| Untracked 

Card table byte_map: [0x0000003a32050000,0x0000003a32230000] _byte_map_base: 0x0000003a31a30000

Marking Bits (Prev, Next): (CMBitMap*) 0x0000003a1b840d60, (CMBitMap*) 0x0000003a1b840d20
 Prev Bits: [0x0000003a33310000, 0x0000003a34210000)
 Next Bits: [0x0000003a32410000, 0x0000003a33310000)

Polling page: 0x0000003a195d0000

Metaspace:

Usage:
  Non-class:     45.56 MB used.
      Class:      6.92 MB used.
       Both:     52.48 MB used.

Virtual space:
  Non-class space:       48.00 MB reserved,      45.75 MB ( 95%) committed,  6 nodes.
      Class space:        1.00 GB reserved,       7.06 MB ( <1%) committed,  1 nodes.
             Both:        1.05 GB reserved,      52.81 MB (  5%) committed. 

Chunk freelists:
   Non-Class:  1.78 MB
       Class:  961.00 KB
        Both:  2.72 MB

MaxMetaspaceSize: unlimited
CompressedClassSpaceSize: 1.00 GB
Initial GC threshold: 21.00 MB
Current GC threshold: 87.31 MB
CDS: on
MetaspaceReclaimPolicy: balanced
 - commit_granule_bytes: 65536.
 - commit_granule_words: 8192.
 - virtual_space_node_default_size: 1048576.
 - enlarge_chunks_in_place: 1.
 - new_chunks_are_fully_committed: 0.
 - uncommit_free_chunks: 1.
 - use_allocation_guard: 0.
 - handle_deallocations: 1.


Internal statistics:

num_allocs_failed_limit: 6.
num_arena_births: 440.
num_arena_deaths: 0.
num_vsnodes_births: 7.
num_vsnodes_deaths: 0.
num_space_committed: 845.
num_space_uncommitted: 0.
num_chunks_returned_to_freelist: 6.
num_chunks_taken_from_freelist: 2323.
num_chunk_merges: 6.
num_chunk_splits: 1628.
num_chunks_enlarged: 1259.
num_purges: 0.
num_inconsistent_stats: 0.

CodeHeap 'non-profiled nmethods': size=120000Kb used=3677Kb max_used=3677Kb free=116322Kb
 bounds [0x0000003a2ab20000, 0x0000003a2aec0000, 0x0000003a32050000]
CodeHeap 'profiled nmethods': size=120000Kb used=13633Kb max_used=13633Kb free=106366Kb
 bounds [0x0000003a235f0000, 0x0000003a24350000, 0x0000003a2ab20000]
CodeHeap 'non-nmethods': size=5760Kb used=1299Kb max_used=1336Kb free=4461Kb
 bounds [0x0000003a23050000, 0x0000003a232c0000, 0x0000003a235f0000]
 total_blobs=7024 nmethods=6405 adapters=531
 compilation: enabled
              stopped_count=0, restarted_count=0
 full_count=0

Compilation events (20 events):
Event: 278.768 Thread 0x0000003a36caef40 7178       3       net.bytebuddy.description.type.TypeDescription$ForLoadedType::getDeclaringType (23 bytes)
Event: 278.769 Thread 0x0000003a36caef40 nmethod 7178 0x0000003a2433cf10 code [0x0000003a2433d120, 0x0000003a2433d918]
Event: 278.772 Thread 0x0000003a36caef40 7180       3       net.bytebuddy.description.type.TypeDescription$Generic$LazyProjection$WithResolvedErasure::asErasure (10 bytes)
Event: 278.772 Thread 0x0000003a36caef40 nmethod 7180 0x0000003a2433db90 code [0x0000003a2433dd40, 0x0000003a2433df08]
Event: 278.772 Thread 0x0000003a36caef40 7181       3       net.bytebuddy.description.type.TypeList$Generic$ForDetachedTypes$WithResolvedErasure::get (6 bytes)
Event: 278.773 Thread 0x0000003a36caef40 nmethod 7181 0x0000003a2433e010 code [0x0000003a2433e220, 0x0000003a2433e9c8]
Event: 278.784 Thread 0x0000003a36cae4a0 nmethod 7144 0x0000003a2aeb4610 code [0x0000003a2aeb4940, 0x0000003a2aeb6170]
Event: 278.784 Thread 0x0000003a36cae4a0 7170       4       org.hibernate.internal.util.ReflectHelper::findGetterMethodForFieldAccess (176 bytes)
Event: 278.796 Thread 0x0000003a36caef40 7183       3       net.bytebuddy.dynamic.scaffold.MethodGraph$Compiler$Default$Key$Store::registerTopLevel (127 bytes)
Event: 278.798 Thread 0x0000003a36caef40 nmethod 7183 0x0000003a2433ec10 code [0x0000003a2433eec0, 0x0000003a2433ff58]
Event: 278.821 Thread 0x0000003a36caef40 7184       3       org.hibernate.mapping.PersistentClass::hasPojoRepresentation (13 bytes)
Event: 278.822 Thread 0x0000003a36caef40 nmethod 7184 0x0000003a24340410 code [0x0000003a243405a0, 0x0000003a24340798]
Event: 278.823 Thread 0x0000003a36caef40 7185       3       net.bytebuddy.description.type.TypeList$Generic$ForLoadedTypes::size (10 bytes)
Event: 278.823 Thread 0x0000003a36caef40 nmethod 7185 0x0000003a24340810 code [0x0000003a243409c0, 0x0000003a24340b88]
Event: 278.824 Thread 0x0000003a36caef40 7186       3       net.bytebuddy.dynamic.scaffold.subclass.SubclassDynamicTypeBuilder::<init> (42 bytes)
Event: 278.824 Thread 0x0000003a36caef40 nmethod 7186 0x0000003a24340c90 code [0x0000003a24340e40, 0x0000003a24341088]
Event: 278.826 Thread 0x0000003a36caef40 7187       3       net.bytebuddy.description.type.TypeDescription$Generic$OfNonGenericType::getDeclaredMethods (40 bytes)
Event: 278.826 Thread 0x0000003a36caef40 nmethod 7187 0x0000003a24341190 code [0x0000003a243413a0, 0x0000003a24341bb8]
Event: 278.827 Thread 0x0000003a36caef40 7188       3       net.bytebuddy.dynamic.scaffold.MethodGraph$Compiler$Default$Key$Store$Entry$Resolved$Node::getSort (17 bytes)
Event: 278.828 Thread 0x0000003a36caef40 nmethod 7188 0x0000003a24341e90 code [0x0000003a24342040, 0x0000003a243421d8]

GC Heap History (20 events):
Event: 250.528 GC heap after
{Heap after GC invocations=17 (full 0):
 garbage-first heap   total 55296K, used 26835K [0x00000000c4000000, 0x0000000100000000)
  region size 1024K, 2 young (2048K), 2 survivors (2048K)
 Metaspace       used 47285K, committed 47680K, reserved 1097728K
  class space    used 6245K, committed 6464K, reserved 1048576K
}
Event: 264.605 GC heap before
{Heap before GC invocations=17 (full 0):
 garbage-first heap   total 55296K, used 42195K [0x00000000c4000000, 0x0000000100000000)
  region size 1024K, 17 young (17408K), 2 survivors (2048K)
 Metaspace       used 49172K, committed 49600K, reserved 1097728K
  class space    used 6453K, committed 6656K, reserved 1048576K
}
Event: 264.626 GC heap after
{Heap after GC invocations=18 (full 0):
 garbage-first heap   total 55296K, used 29474K [0x00000000c4000000, 0x0000000100000000)
  region size 1024K, 3 young (3072K), 3 survivors (3072K)
 Metaspace       used 49172K, committed 49600K, reserved 1097728K
  class space    used 6453K, committed 6656K, reserved 1048576K
}
Event: 267.505 GC heap before
{Heap before GC invocations=19 (full 0):
 garbage-first heap   total 55296K, used 42786K [0x00000000c4000000, 0x0000000100000000)
  region size 1024K, 16 young (16384K), 3 survivors (3072K)
 Metaspace       used 49830K, committed 50240K, reserved 1097728K
  class space    used 6533K, committed 6720K, reserved 1048576K
}
Event: 267.522 GC heap after
{Heap after GC invocations=20 (full 0):
 garbage-first heap   total 55296K, used 30081K [0x00000000c4000000, 0x0000000100000000)
  region size 1024K, 1 young (1024K), 1 survivors (1024K)
 Metaspace       used 49830K, committed 50240K, reserved 1097728K
  class space    used 6533K, committed 6720K, reserved 1048576K
}
Event: 267.586 GC heap before
{Heap before GC invocations=20 (full 0):
 garbage-first heap   total 55296K, used 31105K [0x00000000c4000000, 0x0000000100000000)
  region size 1024K, 2 young (2048K), 1 survivors (1024K)
 Metaspace       used 49833K, committed 50240K, reserved 1097728K
  class space    used 6533K, committed 6720K, reserved 1048576K
}
Event: 267.590 GC heap after
{Heap after GC invocations=21 (full 0):
 garbage-first heap   total 55296K, used 30192K [0x00000000c4000000, 0x0000000100000000)
  region size 1024K, 1 young (1024K), 1 survivors (1024K)
 Metaspace       used 49833K, committed 50240K, reserved 1097728K
  class space    used 6533K, committed 6720K, reserved 1048576K
}
Event: 270.043 GC heap before
{Heap before GC invocations=21 (full 0):
 garbage-first heap   total 55296K, used 43504K [0x00000000c4000000, 0x0000000100000000)
  region size 1024K, 15 young (15360K), 1 survivors (1024K)
 Metaspace       used 50962K, committed 51328K, reserved 1097728K
  class space    used 6669K, committed 6848K, reserved 1048576K
}
Event: 270.061 GC heap after
{Heap after GC invocations=22 (full 0):
 garbage-first heap   total 55296K, used 30566K [0x00000000c4000000, 0x0000000100000000)
  region size 1024K, 1 young (1024K), 1 survivors (1024K)
 Metaspace       used 50962K, committed 51328K, reserved 1097728K
  class space    used 6669K, committed 6848K, reserved 1048576K
}
Event: 277.481 GC heap before
{Heap before GC invocations=23 (full 0):
 garbage-first heap   total 55296K, used 44902K [0x00000000c4000000, 0x0000000100000000)
  region size 1024K, 15 young (15360K), 1 survivors (1024K)
 Metaspace       used 52862K, committed 53248K, reserved 1097728K
  class space    used 7045K, committed 7232K, reserved 1048576K
}
Event: 277.491 GC heap after
{Heap after GC invocations=24 (full 0):
 garbage-first heap   total 55296K, used 31108K [0x00000000c4000000, 0x0000000100000000)
  region size 1024K, 2 young (2048K), 2 survivors (2048K)
 Metaspace       used 52862K, committed 53248K, reserved 1097728K
  class space    used 7045K, committed 7232K, reserved 1048576K
}
Event: 277.844 GC heap before
{Heap before GC invocations=24 (full 0):
 garbage-first heap   total 55296K, used 45444K [0x00000000c4000000, 0x0000000100000000)
  region size 1024K, 16 young (16384K), 2 survivors (2048K)
 Metaspace       used 53125K, committed 53504K, reserved 1097728K
  class space    used 7052K, committed 7232K, reserved 1048576K
}
Event: 277.853 GC heap after
{Heap after GC invocations=25 (full 0):
 garbage-first heap   total 55296K, used 31283K [0x00000000c4000000, 0x0000000100000000)
  region size 1024K, 2 young (2048K), 2 survivors (2048K)
 Metaspace       used 53125K, committed 53504K, reserved 1097728K
  class space    used 7052K, committed 7232K, reserved 1048576K
}
Event: 278.074 GC heap before
{Heap before GC invocations=25 (full 0):
 garbage-first heap   total 71680K, used 44595K [0x00000000c4000000, 0x0000000100000000)
  region size 1024K, 15 young (15360K), 2 survivors (2048K)
 Metaspace       used 53298K, committed 53632K, reserved 1097728K
  class space    used 7059K, committed 7232K, reserved 1048576K
}
Event: 278.082 GC heap after
{Heap after GC invocations=26 (full 0):
 garbage-first heap   total 71680K, used 31530K [0x00000000c4000000, 0x0000000100000000)
  region size 1024K, 1 young (1024K), 1 survivors (1024K)
 Metaspace       used 53298K, committed 53632K, reserved 1097728K
  class space    used 7059K, committed 7232K, reserved 1048576K
}
Event: 278.481 GC heap before
{Heap before GC invocations=27 (full 0):
 garbage-first heap   total 71680K, used 58154K [0x00000000c4000000, 0x0000000100000000)
  region size 1024K, 27 young (27648K), 1 survivors (1024K)
 Metaspace       used 53530K, committed 53888K, reserved 1097728K
  class space    used 7071K, committed 7232K, reserved 1048576K
}
Event: 278.488 GC heap after
{Heap after GC invocations=28 (full 0):
 garbage-first heap   total 71680K, used 32047K [0x00000000c4000000, 0x0000000100000000)
  region size 1024K, 2 young (2048K), 2 survivors (2048K)
 Metaspace       used 53530K, committed 53888K, reserved 1097728K
  class space    used 7071K, committed 7232K, reserved 1048576K
}
Event: 278.501 GC heap before
{Heap before GC invocations=28 (full 0):
 garbage-first heap   total 71680K, used 33071K [0x00000000c4000000, 0x0000000100000000)
  region size 1024K, 3 young (3072K), 2 survivors (2048K)
 Metaspace       used 53548K, committed 53888K, reserved 1097728K
  class space    used 7072K, committed 7232K, reserved 1048576K
}
Event: 278.510 GC heap after
{Heap after GC invocations=29 (full 0):
 garbage-first heap   total 71680K, used 31682K [0x00000000c4000000, 0x0000000100000000)
  region size 1024K, 1 young (1024K), 1 survivors (1024K)
 Metaspace       used 53548K, committed 53888K, reserved 1097728K
  class space    used 7072K, committed 7232K, reserved 1048576K
}
Event: 278.843 GC heap before
{Heap before GC invocations=29 (full 0):
 garbage-first heap   total 71680K, used 58306K [0x00000000c4000000, 0x0000000100000000)
  region size 1024K, 27 young (27648K), 1 survivors (1024K)
 Metaspace       used 53740K, committed 54080K, reserved 1097728K
  class space    used 7082K, committed 7232K, reserved 1048576K
}

Deoptimization events (20 events):
Event: 278.332 Thread 0x0000003a1b805d40 DEOPT PACKING pc=0x0000003a2aea28a4 sp=0x0000003a1afaa360
Event: 278.332 Thread 0x0000003a1b805d40 DEOPT UNPACKING pc=0x0000003a230a239d sp=0x0000003a1afaa350 mode 2
Event: 278.332 Thread 0x0000003a1b805d40 Uncommon trap: trap_request=0xffffffbe fr.pc=0x0000003a2aea28a4 relative=0x0000000000001b24
Event: 278.332 Thread 0x0000003a1b805d40 Uncommon trap: reason=profile_predicate action=maybe_recompile pc=0x0000003a2aea28a4 method=net.bytebuddy.implementation.bytecode.StackManipulation$Compound.<init>(Ljava/util/List;)V @ 28 c2
Event: 278.332 Thread 0x0000003a1b805d40 DEOPT PACKING pc=0x0000003a2aea28a4 sp=0x0000003a1afaa2b0
Event: 278.332 Thread 0x0000003a1b805d40 DEOPT UNPACKING pc=0x0000003a230a239d sp=0x0000003a1afaa2a0 mode 2
Event: 278.332 Thread 0x0000003a1b805d40 Uncommon trap: trap_request=0xffffffbe fr.pc=0x0000003a2aea28a4 relative=0x0000000000001b24
Event: 278.332 Thread 0x0000003a1b805d40 Uncommon trap: reason=profile_predicate action=maybe_recompile pc=0x0000003a2aea28a4 method=net.bytebuddy.implementation.bytecode.StackManipulation$Compound.<init>(Ljava/util/List;)V @ 28 c2
Event: 278.332 Thread 0x0000003a1b805d40 DEOPT PACKING pc=0x0000003a2aea28a4 sp=0x0000003a1afaa290
Event: 278.332 Thread 0x0000003a1b805d40 DEOPT UNPACKING pc=0x0000003a230a239d sp=0x0000003a1afaa280 mode 2
Event: 278.332 Thread 0x0000003a1b805d40 Uncommon trap: trap_request=0xffffffbe fr.pc=0x0000003a2aea28a4 relative=0x0000000000001b24
Event: 278.332 Thread 0x0000003a1b805d40 Uncommon trap: reason=profile_predicate action=maybe_recompile pc=0x0000003a2aea28a4 method=net.bytebuddy.implementation.bytecode.StackManipulation$Compound.<init>(Ljava/util/List;)V @ 28 c2
Event: 278.332 Thread 0x0000003a1b805d40 DEOPT PACKING pc=0x0000003a2aea28a4 sp=0x0000003a1afaa150
Event: 278.332 Thread 0x0000003a1b805d40 DEOPT UNPACKING pc=0x0000003a230a239d sp=0x0000003a1afaa140 mode 2
Event: 278.614 Thread 0x0000003a1b805d40 Uncommon trap: trap_request=0xfffffff4 fr.pc=0x0000003a2aeb1150 relative=0x00000000000003f0
Event: 278.614 Thread 0x0000003a1b805d40 Uncommon trap: reason=null_check action=make_not_entrant pc=0x0000003a2aeb1150 method=net.bytebuddy.description.annotation.AnnotationDescription$ForLoadedAnnotation.asValue(Ljava/lang/Object;Ljava/lang/Class;)Lnet/bytebuddy/description/annotation/Annotati
Event: 278.614 Thread 0x0000003a1b805d40 DEOPT PACKING pc=0x0000003a2aeb1150 sp=0x0000003a1afaa130
Event: 278.614 Thread 0x0000003a1b805d40 DEOPT UNPACKING pc=0x0000003a230a239d sp=0x0000003a1afaa090 mode 2
Event: 278.706 Thread 0x0000003a1b805d40 DEOPT PACKING pc=0x0000003a242fb967 sp=0x0000003a1afaafb0
Event: 278.706 Thread 0x0000003a1b805d40 DEOPT UNPACKING pc=0x0000003a230a2b24 sp=0x0000003a1afaa4a0 mode 0

Classes unloaded (0 events):
No events

Classes redefined (0 events):
No events

Internal exceptions (20 events):
Event: 146.212 Thread 0x0000003a1b805d40 Exception <a 'java/lang/ClassNotFoundException'{0x00000000c6eb2530}: org/springframework/beans/factory/BeanClassLoaderAwareCustomizer> (0x00000000c6eb2530) 
thrown [t:\workspace\open\src\hotspot\share\classfile\systemDictionary.cpp, line 256]
Event: 146.215 Thread 0x0000003a1b805d40 Exception <a 'java/lang/ClassNotFoundException'{0x00000000c6eb90d0}: org/springframework/beans/factory/AwareCustomizer> (0x00000000c6eb90d0) 
thrown [t:\workspace\open\src\hotspot\share\classfile\systemDictionary.cpp, line 256]
Event: 146.217 Thread 0x0000003a1b805d40 Exception <a 'java/lang/ClassNotFoundException'{0x00000000c6ebf2a0}: org/springframework/beans/factory/BeanFactoryAwareCustomizer> (0x00000000c6ebf2a0) 
thrown [t:\workspace\open\src\hotspot\share\classfile\systemDictionary.cpp, line 256]
Event: 146.219 Thread 0x0000003a1b805d40 Exception <a 'java/lang/ClassNotFoundException'{0x00000000c6ec64e0}: org/springframework/beans/factory/AwareCustomizer> (0x00000000c6ec64e0) 
thrown [t:\workspace\open\src\hotspot\share\classfile\systemDictionary.cpp, line 256]
Event: 146.220 Thread 0x0000003a1b805d40 Exception <a 'java/lang/ClassNotFoundException'{0x00000000c6ecc440}: org/springframework/beans/factory/BeanNameAwareCustomizer> (0x00000000c6ecc440) 
thrown [t:\workspace\open\src\hotspot\share\classfile\systemDictionary.cpp, line 256]
Event: 146.222 Thread 0x0000003a1b805d40 Exception <a 'java/lang/ClassNotFoundException'{0x00000000c6ed3380}: org/springframework/beans/factory/AwareCustomizer> (0x00000000c6ed3380) 
thrown [t:\workspace\open\src\hotspot\share\classfile\systemDictionary.cpp, line 256]
Event: 146.225 Thread 0x0000003a1b805d40 Exception <a 'java/lang/ClassNotFoundException'{0x00000000c6ed9310}: org/springframework/beans/factory/InitializingBeanCustomizer> (0x00000000c6ed9310) 
thrown [t:\workspace\open\src\hotspot\share\classfile\systemDictionary.cpp, line 256]
Event: 146.227 Thread 0x0000003a1b805d40 Exception <a 'java/lang/ClassNotFoundException'{0x00000000c6edfae8}: org/springframework/beans/factory/DisposableBeanCustomizer> (0x00000000c6edfae8) 
thrown [t:\workspace\open\src\hotspot\share\classfile\systemDictionary.cpp, line 256]
Event: 146.229 Thread 0x0000003a1b805d40 Exception <a 'java/lang/ClassNotFoundException'{0x00000000c6ee6618}: org/springframework/orm/jpa/EntityManagerFactoryInfoCustomizer> (0x00000000c6ee6618) 
thrown [t:\workspace\open\src\hotspot\share\classfile\systemDictionary.cpp, line 256]
Event: 146.232 Thread 0x0000003a1b805d40 Exception <a 'java/lang/ClassNotFoundException'{0x00000000c6ef7098}: org/springframework/dao/support/PersistenceExceptionTranslatorCustomizer> (0x00000000c6ef7098) 
thrown [t:\workspace\open\src\hotspot\share\classfile\systemDictionary.cpp, line 256]
Event: 171.568 Thread 0x0000003a1b805d40 Exception <a 'java/lang/NoSuchMethodError'{0x00000000c7182170}: 'java.lang.Object java.lang.invoke.DirectMethodHandle$Holder.invokeStaticInit(java.lang.Object, int, int, int, int)'> (0x00000000c7182170) 
thrown [t:\workspace\open\src\hotspot\share\interpreter\linkResolver.cpp, line 766]
Event: 179.764 Thread 0x0000003a1b805d40 Exception <a 'java/lang/NoSuchMethodError'{0x00000000c709f430}: 'java.lang.Object java.lang.invoke.DirectMethodHandle$Holder.invokeStaticInit(java.lang.Object, java.lang.Object, int, int, int, int)'> (0x00000000c709f430) 
thrown [t:\workspace\open\src\hotspot\share\interpreter\linkResolver.cpp, line 766]
Event: 202.012 Thread 0x0000003a1b805d40 Exception <a 'sun/nio/fs/WindowsException'{0x00000000c7bd49f8}> (0x00000000c7bd49f8) 
thrown [t:\workspace\open\src\hotspot\share\prims\jni.cpp, line 516]
Event: 202.433 Thread 0x0000003a1b805d40 Implicit null exception at 0x0000003a2acd5bf4 to 0x0000003a2acd744c
Event: 204.183 Thread 0x0000003a1b805d40 Exception <a 'java/lang/NoSuchMethodError'{0x00000000c7bf7b28}: 'int java.lang.invoke.DirectMethodHandle$Holder.invokeStaticInit(java.lang.Object, java.lang.Object, java.lang.Object, java.lang.Object)'> (0x00000000c7bf7b28) 
thrown [t:\workspace\open\src\hotspot\share\interpreter\linkResolver.cpp, line 766]
Event: 236.728 Thread 0x0000003a1b805d40 Exception <a 'java/lang/NoClassDefFoundError'{0x00000000c70e2858}: sun/reflect/Reflection> (0x00000000c70e2858) 
thrown [t:\workspace\open\src\hotspot\share\classfile\systemDictionary.cpp, line 245]
Event: 257.559 Thread 0x0000003a1b805d40 Exception <a 'java/lang/NoSuchMethodError'{0x00000000c6be0958}: 'java.lang.Object java.lang.invoke.DirectMethodHandle$Holder.newInvokeSpecial(java.lang.Object, java.lang.Object, int, java.lang.Object, java.lang.Object)'> (0x00000000c6be0958) 
thrown [t:\workspace\open\src\hotspot\share\interpreter\linkResolver.cpp, line 766]
Event: 264.111 Thread 0x0000003a1b805d40 Implicit null exception at 0x0000003a2ae01499 to 0x0000003a2ae016b8
Event: 278.111 Thread 0x0000003a1b805d40 Implicit null exception at 0x0000003a2ae909e9 to 0x0000003a2ae91d28
Event: 278.614 Thread 0x0000003a1b805d40 Implicit null exception at 0x0000003a2aeb0d73 to 0x0000003a2aeb113c

VM Operations (20 events):
Event: 275.681 Executing VM operation: Cleanup done
Event: 276.682 Executing VM operation: Cleanup
Event: 276.682 Executing VM operation: Cleanup done
Event: 277.480 Executing VM operation: G1CollectForAllocation
Event: 277.495 Executing VM operation: G1CollectForAllocation done
Event: 277.750 Executing VM operation: ICBufferFull
Event: 277.750 Executing VM operation: ICBufferFull done
Event: 277.829 Executing VM operation: G1CollectForAllocation
Event: 277.853 Executing VM operation: G1CollectForAllocation done
Event: 278.005 Executing VM operation: G1Concurrent
Event: 278.016 Executing VM operation: G1Concurrent done
Event: 278.069 Executing VM operation: G1CollectForAllocation
Event: 278.084 Executing VM operation: G1CollectForAllocation done
Event: 278.102 Executing VM operation: G1Concurrent
Event: 278.103 Executing VM operation: G1Concurrent done
Event: 278.481 Executing VM operation: G1CollectForAllocation
Event: 278.489 Executing VM operation: G1CollectForAllocation done
Event: 278.500 Executing VM operation: G1CollectForAllocation
Event: 278.510 Executing VM operation: G1CollectForAllocation done
Event: 278.842 Executing VM operation: G1CollectForAllocation

Events (20 events):
Event: 256.756 loading class java/io/InvalidObjectException done
Event: 260.823 loading class java/util/concurrent/CompletionStage
Event: 261.606 loading class java/util/concurrent/CompletionStage done
Event: 261.609 loading class java/util/concurrent/CompletableFuture
Event: 261.650 loading class java/util/concurrent/CompletableFuture done
Event: 261.651 loading class java/util/concurrent/CompletableFuture$AltResult
Event: 261.778 loading class java/util/concurrent/CompletableFuture$AltResult done
Event: 262.573 loading class java/util/concurrent/CompletableFuture$Completion
Event: 262.969 loading class java/util/concurrent/CompletableFuture$AsynchronousCompletionTask
Event: 263.077 loading class java/util/concurrent/CompletableFuture$AsynchronousCompletionTask done
Event: 263.832 loading class java/util/concurrent/CompletableFuture$Completion done
Event: 266.041 loading class sun/reflect/annotation/TypeAnnotation$TypeAnnotationTargetInfo
Event: 266.070 loading class sun/reflect/annotation/TypeAnnotation$TypeAnnotationTargetInfo done
Event: 267.341 Thread 0x0000003a3bffba20 Thread added: 0x0000003a3bffba20
Event: 267.658 loading class sun/reflect/annotation/AnnotatedTypeFactory$AnnotatedArrayTypeImpl
Event: 268.208 loading class sun/reflect/annotation/AnnotatedTypeFactory$AnnotatedArrayTypeImpl done
Event: 269.320 Thread 0x0000003a3bffba20 Thread exited: 0x0000003a3bffba20
Event: 272.556 loading class java/util/AbstractList$SubList
Event: 272.574 loading class java/util/AbstractList$SubList done
Event: 277.465 Thread 0x0000003a3831c1b0 Thread added: 0x0000003a3831c1b0


Dynamic libraries:
0x00007ff7fb5f0000 - 0x00007ff7fb600000 	C:\Program Files\Java\jdk-17.0.3\bin\java.exe
0x00007ff9af610000 - 0x00007ff9af7bd000 	C:\Windows\SYSTEM32\ntdll.dll
0x00007ff9acc90000 - 0x00007ff9acdcf000 	C:\Windows\system32\KERNEL32.DLL
0x00007ff9acb40000 - 0x00007ff9acc55000 	C:\Windows\system32\KERNELBASE.dll
0x00007ff990180000 - 0x00007ff990198000 	C:\Program Files\Java\jdk-17.0.3\bin\jli.dll
0x00007ff98f0b0000 - 0x00007ff98f0ca000 	C:\Program Files\Java\jdk-17.0.3\bin\VCRUNTIME140.dll
0x00007ff9929b0000 - 0x00007ff9929b4000 	C:\Program Files\Java\jdk-17.0.3\bin\api-ms-win-crt-stdio-l1-1-0.dll
0x00007ff991700000 - 0x00007ff991704000 	C:\Program Files\Java\jdk-17.0.3\bin\api-ms-win-crt-runtime-l1-1-0.dll
0x00007ff98f0a0000 - 0x00007ff98f0a3000 	C:\Program Files\Java\jdk-17.0.3\bin\api-ms-win-crt-environment-l1-1-0.dll
0x00007ff98ec30000 - 0x00007ff98ec35000 	C:\Program Files\Java\jdk-17.0.3\bin\api-ms-win-crt-math-l1-1-0.dll
0x00007ff98e940000 - 0x00007ff98e943000 	C:\Program Files\Java\jdk-17.0.3\bin\api-ms-win-crt-locale-l1-1-0.dll
0x00007ff98e930000 - 0x00007ff98e933000 	C:\Program Files\Java\jdk-17.0.3\bin\api-ms-win-crt-heap-l1-1-0.dll
0x00007ff9acdd0000 - 0x00007ff9ace7d000 	C:\Windows\system32\ADVAPI32.dll
0x00007ff9aa4d0000 - 0x00007ff9aa74b000 	C:\Windows\WinSxS\amd64_microsoft.windows.common-controls_6595b64144ccf1df_6.0.9600.19394_none_62486577ecb635cf\COMCTL32.dll
0x00007ff9ad380000 - 0x00007ff9ad4f7000 	C:\Windows\system32\USER32.dll
0x00007ff9a4fe0000 - 0x00007ff9a4fea000 	C:\Windows\SYSTEM32\VERSION.dll
0x00007ff98e920000 - 0x00007ff98e923000 	C:\Program Files\Java\jdk-17.0.3\bin\api-ms-win-crt-filesystem-l1-1-0.dll
0x00007ff98da90000 - 0x00007ff98da94000 	C:\Program Files\Java\jdk-17.0.3\bin\api-ms-win-crt-string-l1-1-0.dll
0x00007ff98da80000 - 0x00007ff98da84000 	C:\Program Files\Java\jdk-17.0.3\bin\api-ms-win-crt-convert-l1-1-0.dll
0x00007ff9ad1b0000 - 0x00007ff9ad25a000 	C:\Windows\system32\msvcrt.dll
0x00007ff9adae0000 - 0x00007ff9adb3b000 	C:\Windows\SYSTEM32\sechost.dll
0x00007ff9ad810000 - 0x00007ff9ad945000 	C:\Windows\system32\RPCRT4.dll
0x00007ff9af4c0000 - 0x00007ff9af60e000 	C:\Windows\system32\GDI32.dll
0x00007ff98aa40000 - 0x00007ff98ab3a000 	C:\Program Files\Java\jdk-17.0.3\bin\ucrtbase.DLL
0x00007ff9acc60000 - 0x00007ff9acc8e000 	C:\Windows\system32\SspiCli.dll
0x00007ff9ad260000 - 0x00007ff9ad296000 	C:\Windows\system32\IMM32.DLL
0x00007ff9aceb0000 - 0x00007ff9ad001000 	C:\Windows\system32\MSCTF.dll
0x00007ff98da70000 - 0x00007ff98da7c000 	C:\Program Files\Java\jdk-17.0.3\bin\vcruntime140_1.dll
0x00007ff98bec0000 - 0x00007ff98bf4d000 	C:\Program Files\Java\jdk-17.0.3\bin\msvcp140.dll
0x00007ff98da60000 - 0x00007ff98da63000 	C:\Program Files\Java\jdk-17.0.3\bin\api-ms-win-crt-time-l1-1-0.dll
0x00007ff98da50000 - 0x00007ff98da53000 	C:\Program Files\Java\jdk-17.0.3\bin\api-ms-win-crt-utility-l1-1-0.dll
0x00007ff96e860000 - 0x00007ff96f421000 	C:\Program Files\Java\jdk-17.0.3\bin\server\jvm.dll
0x00007ff996b40000 - 0x00007ff996b49000 	C:\Windows\SYSTEM32\WSOCK32.dll
0x00007ff9a6b30000 - 0x00007ff9a6b52000 	C:\Windows\SYSTEM32\WINMM.dll
0x00007ff9ace80000 - 0x00007ff9ace87000 	C:\Windows\system32\PSAPI.DLL
0x00007ff9ad310000 - 0x00007ff9ad36a000 	C:\Windows\system32\WS2_32.dll
0x00007ff9a6b00000 - 0x00007ff9a6b2a000 	C:\Windows\SYSTEM32\WINMMBASE.dll
0x00007ff9ad370000 - 0x00007ff9ad379000 	C:\Windows\system32\NSI.dll
0x00007ff9ac7e0000 - 0x00007ff9ac82f000 	C:\Windows\SYSTEM32\cfgmgr32.dll
0x00007ff9ab560000 - 0x00007ff9ab588000 	C:\Windows\SYSTEM32\DEVOBJ.dll
0x00007ff98da40000 - 0x00007ff98da4a000 	C:\Program Files\Java\jdk-17.0.3\bin\jimage.dll
0x00007ff99c340000 - 0x00007ff99c4ca000 	C:\Windows\SYSTEM32\DBGHELP.DLL
0x00007ff98c030000 - 0x00007ff98c055000 	C:\Program Files\Java\jdk-17.0.3\bin\java.dll
0x00007ff98a960000 - 0x00007ff98aa36000 	C:\Program Files\Java\jdk-17.0.3\bin\jsvml.dll
0x00007ff9adb40000 - 0x00007ff9af06c000 	C:\Windows\system32\SHELL32.dll
0x00007ff9af240000 - 0x00007ff9af452000 	C:\Windows\SYSTEM32\combase.dll
0x00007ff9ad500000 - 0x00007ff9ad554000 	C:\Windows\system32\SHLWAPI.dll
0x00007ff9aad10000 - 0x00007ff9aadc2000 	C:\Windows\SYSTEM32\SHCORE.dll
0x00007ff9ac6b0000 - 0x00007ff9ac6c5000 	C:\Windows\SYSTEM32\profapi.dll
0x00007ff98d040000 - 0x00007ff98d059000 	C:\Program Files\Java\jdk-17.0.3\bin\net.dll
0x00007ff9a7680000 - 0x00007ff9a7749000 	C:\Windows\SYSTEM32\WINHTTP.dll
0x00007ff9abef0000 - 0x00007ff9abf49000 	C:\Windows\system32\mswsock.dll
0x00007ff98c010000 - 0x00007ff98c026000 	C:\Program Files\Java\jdk-17.0.3\bin\nio.dll
0x00007ff98b650000 - 0x00007ff98b668000 	C:\Program Files\Java\jdk-17.0.3\bin\zip.dll
0x00007ff99cd70000 - 0x00007ff99cd79000 	C:\Program Files\Java\jdk-17.0.3\bin\management.dll
0x00007ff99cd60000 - 0x00007ff99cd6b000 	C:\Program Files\Java\jdk-17.0.3\bin\management_ext.dll
0x00007ff98beb0000 - 0x00007ff98bec0000 	C:\Program Files\Java\jdk-17.0.3\bin\verify.dll
0x00007ff9a8af0000 - 0x00007ff9a8b1a000 	C:\Windows\SYSTEM32\IPHLPAPI.DLL
0x00007ff9a8ae0000 - 0x00007ff9a8aea000 	C:\Windows\SYSTEM32\WINNSI.DLL
0x00007ff9a8980000 - 0x00007ff9a8996000 	C:\Windows\SYSTEM32\dhcpcsvc6.DLL
0x00007ff9a8900000 - 0x00007ff9a891a000 	C:\Windows\SYSTEM32\dhcpcsvc.DLL
0x00007ff9abcf0000 - 0x00007ff9abd94000 	C:\Windows\SYSTEM32\DNSAPI.dll
0x00007ff9a62d0000 - 0x00007ff9a62da000 	C:\Windows\System32\rasadhlp.dll
0x00007ff9a8a50000 - 0x00007ff9a8abb000 	C:\Windows\System32\fwpuclnt.dll
0x00007ff9a50e0000 - 0x00007ff9a50f5000 	C:\Windows\system32\napinsp.dll
0x00007ff9a9b70000 - 0x00007ff9a9b8b000 	C:\Windows\system32\NLAapi.dll
0x00007ff9a69b0000 - 0x00007ff9a69bd000 	C:\Windows\System32\winrnr.dll
0x00007ff9abf50000 - 0x00007ff9abf70000 	C:\Windows\SYSTEM32\CRYPTSP.dll
0x00007ff9abb90000 - 0x00007ff9abbc6000 	C:\Windows\system32\rsaenh.dll
0x00007ff9ac190000 - 0x00007ff9ac1b6000 	C:\Windows\SYSTEM32\bcrypt.dll
0x00007ff9abc80000 - 0x00007ff9abca1000 	C:\Windows\SYSTEM32\USERENV.dll
0x00007ff9ac4b0000 - 0x00007ff9ac513000 	C:\Windows\system32\bcryptprimitives.dll
0x00007ff9ac620000 - 0x00007ff9ac62b000 	C:\Windows\SYSTEM32\CRYPTBASE.dll
0x00007ff98b640000 - 0x00007ff98b64e000 	C:\Program Files\Java\jdk-17.0.3\bin\sunmscapi.dll
0x00007ff9ac8e0000 - 0x00007ff9acb37000 	C:\Windows\system32\CRYPT32.dll
0x00007ff9ac160000 - 0x00007ff9ac185000 	C:\Windows\SYSTEM32\ncrypt.dll
0x00007ff9ac760000 - 0x00007ff9ac771000 	C:\Windows\system32\MSASN1.dll
0x00007ff9ac120000 - 0x00007ff9ac157000 	C:\Windows\SYSTEM32\NTASN1.dll

dbghelp: loaded successfully - version: 4.0.5 - missing functions: none
symbol engine: initialized successfully - sym options: 0x614 - pdb path: .;C:\Program Files\Java\jdk-17.0.3\bin;C:\Windows\SYSTEM32;C:\Windows\WinSxS\amd64_microsoft.windows.common-controls_6595b64144ccf1df_6.0.9600.19394_none_62486577ecb635cf;C:\Program Files\Java\jdk-17.0.3\bin\server

VM Arguments:
java_command: C:\Users\ADMINI~1.WS2\AppData\Local\Temp\surefire13140428345670611247\surefirebooter6203477508763304094.jar C:\Users\Administrador.WS2012\AppData\Local\Temp\surefire13140428345670611247 2022-07-27T04-52-54_935-jvmRun1 surefire7941120518291222587tmp surefire_07310991170299723271tmp
java_class_path (initial): C:\Users\ADMINI~1.WS2\AppData\Local\Temp\surefire13140428345670611247\surefirebooter6203477508763304094.jar
Launcher Type: SUN_STANDARD

[Global flags]
     intx CICompilerCount                          = 3                                         {product} {ergonomic}
     uint ConcGCThreads                            = 1                                         {product} {ergonomic}
     uint G1ConcRefinementThreads                  = 4                                         {product} {ergonomic}
   size_t G1HeapRegionSize                         = 1048576                                   {product} {ergonomic}
    uintx GCDrainStackTargetSize                   = 64                                        {product} {ergonomic}
   size_t InitialHeapSize                          = 62914560                                  {product} {ergonomic}
   size_t MarkStackSize                            = 4194304                                   {product} {ergonomic}
   size_t MaxHeapSize                              = 1006632960                                {product} {ergonomic}
   size_t MaxNewSize                               = 603979776                                 {product} {ergonomic}
   size_t MinHeapDeltaBytes                        = 1048576                                   {product} {ergonomic}
   size_t MinHeapSize                              = 8388608                                   {product} {ergonomic}
    uintx NonNMethodCodeHeapSize                   = 5832780                                {pd product} {ergonomic}
    uintx NonProfiledCodeHeapSize                  = 122912730                              {pd product} {ergonomic}
    uintx ProfiledCodeHeapSize                     = 122912730                              {pd product} {ergonomic}
    uintx ReservedCodeCacheSize                    = 251658240                              {pd product} {ergonomic}
     bool SegmentedCodeCache                       = true                                      {product} {ergonomic}
   size_t SoftMaxHeapSize                          = 1006632960                             {manageable} {ergonomic}
     bool UseCompressedClassPointers               = true                           {product lp64_product} {ergonomic}
     bool UseCompressedOops                        = true                           {product lp64_product} {ergonomic}
     bool UseG1GC                                  = true                                      {product} {ergonomic}
     bool UseLargePagesIndividualAllocation        = false                                  {pd product} {ergonomic}

Logging:
Log output configuration:
 #0: stdout all=warning uptime,level,tags
 #1: stderr all=off uptime,level,tags

Environment Variables:
JAVA_HOME=C:\Program Files\Java\jdk-17.0.3
PATH=C:\Program Files\Common Files\Oracle\Java\javapath;C:\Python39\Scripts\;C:\Python39\;C:\Windows\system32;C:\Windows;C:\Windows\System32\Wbem;C:\Windows\System32\WindowsPowerShell\v1.0\;C:\Program Files\Microsoft\Web Platform Installer\;C:\Program Files (x86)\Microsoft ASP.NET\ASP.NET Web Pages\v1.0\;C:\Program Files\Microsoft SQL Server\Client SDK\ODBC\130\Tools\Binn\;C:\Program Files (x86)\Microsoft SQL Server\140\Tools\Binn\;C:\Program Files\Microsoft SQL Server\140\Tools\Binn\;C:\Program Files\Microsoft SQL Server\140\DTS\Binn\;C:\Program Files\dotnet\;C:\Program Files\MariaDB\MariaDB Connector C 64-bit\lib\;C:\Program Files\MariaDB\MariaDB Connector C 64-bit\lib\plugin\;C:\Program Files\Microsoft SQL Server\130\Tools\Binn\;C:\Program Files (x86)\Microsoft SQL Server\150\DTS\Binn\;C:\Program Files\Azure Data Studio\bin;C:\Program Files\Git\cmd;C:\Gradle\gradle-7.4.2\bin;C:\Program Files\nodejs\;;C:\Users\Administrador.WS2012\AppData\Local\Programs\Microsoft VS Code\bin;C:\Program Files\Azure Data Studio\bin;C:\Program Files\JetBrains\IntelliJ IDEA Community Edition 2022.1\bin;;C:\Users\Administrador.WS2012\AppData\Roaming\npm;C:\Program Files\Java\apache-maven-3.8.6\bin
USERNAME=Administrador
LANG=es_ES.UTF-8
OS=Windows_NT
PROCESSOR_IDENTIFIER=AMD64 Family 16 Model 5 Stepping 2, AuthenticAMD



---------------  S Y S T E M  ---------------

OS:
 Windows Server 2012 R2 , 64 bit Build 9600 (6.3.9600.20389)
OS uptime: 1 days 10:58 hours

CPU: total 4 (initial active 4) (4 cores per cpu, 1 threads per core) family 16 model 5 stepping 2 microcode 0x10000db, cx8, cmov, fxsr, mmx, 3dnowpref, sse, sse2, sse3, sse4a, popcnt, lzcnt, tsc, tscinvbit, clflush

Memory: 4k page, system-wide physical 3839M (898M free)
TotalPageFile size 6911M (AvailPageFile size 42M)
current process WorkingSet (physical memory assigned to process): 223M, peak: 225M
current process commit charge ("private bytes"): 256M, peak: 331M

vm_info: Java HotSpot(TM) 64-Bit Server VM (17.0.3+8-LTS-111) for windows-amd64 JRE (17.0.3+8-LTS-111), built on Mar  9 2022 22:40:21 by "mach5one" with MS VC++ 16.8 / 16.9 (VS2019)

END.
