#
# There is insufficient memory for the Java Runtime Environment to continue.
# Native memory allocation (mmap) failed to map 105906176 bytes for G1 virtual space
# Possible reasons:
#   The system is out of physical RAM or swap space
#   The process is running with CompressedOops enabled, and the Java Heap may be blocking the growth of the native heap
# Possible solutions:
#   Reduce memory load on the system
#   Increase physical memory or swap space
#   Check if swap backing store is full
#   Decrease Java heap size (-Xmx/-Xms)
#   Decrease number of Java threads
#   Decrease Java thread stack sizes (-Xss)
#   Set larger code cache with -XX:ReservedCodeCacheSize=
#   JVM is running with Unscaled Compressed Oops mode in which the Java heap is
#     placed in the first 4GB address space. The Java Heap base address is the
#     maximum limit for the native heap growth. Please use -XX:HeapBaseMinAddress
#     to set the Java Heap base and to place the Java Heap above 4GB virtual address.
# This output file may be truncated or incomplete.
#
#  Out of Memory Error (os_windows.cpp:3535), pid=5360, tid=5680
#
# JRE version: Java(TM) SE Runtime Environment (17.0.3+8) (build 17.0.3+8-LTS-111)
# Java VM: Java HotSpot(TM) 64-Bit Server VM (17.0.3+8-LTS-111, mixed mode, sharing, tiered, compressed oops, compressed class ptrs, g1 gc, windows-amd64)
# Core dump will be written. Default location: C:\Users\Administrador.WS2012\Desktop\wwf_mundo\z-Local Server\service-staff\hs_err_pid5360.mdmp
#

---------------  S U M M A R Y ------------

Command Line: C:\Users\ADMINI~1.WS2\AppData\Local\Temp\surefire2055275308580971885\surefirebooter8638156747203849850.jar C:\Users\Administrador.WS2012\AppData\Local\Temp\surefire2055275308580971885 2022-08-17T03-00-04_215-jvmRun1 surefire18405725231531956628tmp surefire_014580163469737573153tmp

Host: AMD Athlon(tm) II X4 630 Processor, 4 cores, 3G,  Windows Server 2012 R2 , 64 bit Build 9600 (6.3.9600.20389)
Time: Wed Aug 17 03:01:32 2022 Hora estándar de Paraguay elapsed time: 83.909202 seconds (0d 0h 1m 23s)

---------------  T H R E A D  ---------------

Current thread (0x000000d800659040):  VMThread "VM Thread" [stack: 0x000000d801000000,0x000000d801100000] [id=5680]

Stack: [0x000000d801000000,0x000000d801100000]
Native frames: (J=compiled Java code, j=interpreted, Vv=VM code, C=native code)
V  [jvm.dll+0x6711ba]
V  [jvm.dll+0x7d0834]
V  [jvm.dll+0x7d1fde]
V  [jvm.dll+0x7d2643]
V  [jvm.dll+0x242c85]
V  [jvm.dll+0x66e0d9]
V  [jvm.dll+0x662a22]
V  [jvm.dll+0x300ddb]
V  [jvm.dll+0x308376]
V  [jvm.dll+0x357f7e]
V  [jvm.dll+0x3581af]
V  [jvm.dll+0x2d7ff8]
V  [jvm.dll+0x2d62c4]
V  [jvm.dll+0x2d58cc]
V  [jvm.dll+0x31933b]
V  [jvm.dll+0x7d6b1b]
V  [jvm.dll+0x7d7854]
V  [jvm.dll+0x7d7d6c]
V  [jvm.dll+0x7d8144]
V  [jvm.dll+0x7d8210]
V  [jvm.dll+0x780aca]
V  [jvm.dll+0x670045]
C  [ucrtbase.DLL+0x1d912]
C  [KERNEL32.DLL+0x1412]
C  [ntdll.dll+0x15504]

VM_Operation (0x000000d86482a850): G1CollectForAllocation, mode: safepoint, requested by thread 0x000000d865085d40


---------------  P R O C E S S  ---------------

Threads class SMR info:
_java_thread_list=0x000000d801b8d7f0, length=16, elements={
0x000000d865085d40, 0x000000d80065cb60, 0x000000d80065fcf0, 0x000000d8006751d0,
0x000000d800677190, 0x000000d800678d10, 0x000000d80069f7a0, 0x000000d8006a10f0,
0x000000d8006a2750, 0x000000d80070f810, 0x000000d801ba4640, 0x000000d801bb1200,
0x000000d801bc28f0, 0x000000d801cc5050, 0x000000d8025858b0, 0x000000d80404f030
}

Java Threads: ( => current thread )
  0x000000d865085d40 JavaThread "main" [_thread_blocked, id=2312, stack(0x000000d864730000,0x000000d864830000)]
  0x000000d80065cb60 JavaThread "Reference Handler" daemon [_thread_blocked, id=7588, stack(0x000000d801100000,0x000000d801200000)]
  0x000000d80065fcf0 JavaThread "Finalizer" daemon [_thread_blocked, id=6084, stack(0x000000d801200000,0x000000d801300000)]
  0x000000d8006751d0 JavaThread "Signal Dispatcher" daemon [_thread_blocked, id=5040, stack(0x000000d801400000,0x000000d801500000)]
  0x000000d800677190 JavaThread "Attach Listener" daemon [_thread_blocked, id=5444, stack(0x000000d801500000,0x000000d801600000)]
  0x000000d800678d10 JavaThread "Service Thread" daemon [_thread_blocked, id=3192, stack(0x000000d801600000,0x000000d801700000)]
  0x000000d80069f7a0 JavaThread "Monitor Deflation Thread" daemon [_thread_blocked, id=8064, stack(0x000000d801700000,0x000000d801800000)]
  0x000000d8006a10f0 JavaThread "C2 CompilerThread0" daemon [_thread_blocked, id=3524, stack(0x000000d801800000,0x000000d801900000)]
  0x000000d8006a2750 JavaThread "C1 CompilerThread0" daemon [_thread_blocked, id=7496, stack(0x000000d801900000,0x000000d801a00000)]
  0x000000d80070f810 JavaThread "Sweeper thread" daemon [_thread_blocked, id=4328, stack(0x000000d801a00000,0x000000d801b00000)]
  0x000000d801ba4640 JavaThread "Notification Thread" daemon [_thread_blocked, id=6748, stack(0x000000d801f00000,0x000000d802000000)]
  0x000000d801bb1200 JavaThread "Common-Cleaner" daemon [_thread_blocked, id=5764, stack(0x000000d802100000,0x000000d802200000)]
  0x000000d801bc28f0 JavaThread "surefire-forkedjvm-command-thread" daemon [_thread_in_native, id=7548, stack(0x000000d802200000,0x000000d802300000)]
  0x000000d801cc5050 JavaThread "surefire-forkedjvm-ping-30s" daemon [_thread_blocked, id=7688, stack(0x000000d802300000,0x000000d802400000)]
  0x000000d8025858b0 JavaThread "mysql-cj-abandoned-connection-cleanup" daemon [_thread_blocked, id=1800, stack(0x000000d8044a0000,0x000000d8045a0000)]
  0x000000d80404f030 JavaThread "HikariPool-1 housekeeper" daemon [_thread_blocked, id=4936, stack(0x000000d8062b0000,0x000000d8063b0000)]

Other Threads:
=>0x000000d800659040 VMThread "VM Thread" [stack: 0x000000d801000000,0x000000d801100000] [id=5680]
  0x000000d801baff60 WatcherThread [stack: 0x000000d802000000,0x000000d802100000] [id=5132]
  0x000000d8650bf700 GCTaskThread "GC Thread#0" [stack: 0x000000d864e90000,0x000000d864f90000] [id=4264]
  0x000000d801d9cf80 GCTaskThread "GC Thread#1" [stack: 0x000000d802c00000,0x000000d802d00000] [id=5976]
  0x000000d801de2100 GCTaskThread "GC Thread#2" [stack: 0x000000d802d00000,0x000000d802e00000] [id=6576]
  0x000000d801b45bc0 GCTaskThread "GC Thread#3" [stack: 0x000000d802e00000,0x000000d802f00000] [id=6408]
  0x000000d8650c9660 ConcurrentGCThread "G1 Main Marker" [stack: 0x000000d87dc70000,0x000000d87dd70000] [id=8024]
  0x000000d8650cad70 ConcurrentGCThread "G1 Conc#0" [stack: 0x000000d87dd70000,0x000000d87de70000] [id=6652]
  0x000000d865107300 ConcurrentGCThread "G1 Refine#0" [stack: 0x000000d800330000,0x000000d800430000] [id=5796]
  0x000000d801eac640 ConcurrentGCThread "G1 Refine#1" [stack: 0x000000d802f00000,0x000000d803000000] [id=2084]
  0x000000d801eacb90 ConcurrentGCThread "G1 Refine#2" [stack: 0x000000d803000000,0x000000d803100000] [id=6100]
  0x000000d865107d20 ConcurrentGCThread "G1 Service" [stack: 0x000000d800430000,0x000000d800530000] [id=6416]

Threads with active compile tasks:
C2 CompilerThread0    84522 7218       4       org.hibernate.internal.util.ReflectHelper::findGetterMethodForFieldAccess (176 bytes)

VM state: at safepoint (normal execution)

VM Mutex/Monitor currently owned by a thread:  ([mutex/lock_event])
[0x000000d865082370] Threads_lock - owner thread: 0x000000d800659040
[0x000000d865080d80] Heap_lock - owner thread: 0x000000d865085d40

Heap address: 0x00000000c4000000, size: 960 MB, Compressed Oops mode: 32-bit

CDS archive(s) mapped at: [0x0000000800000000-0x0000000800bc0000-0x0000000800bc0000), size 12320768, SharedBaseAddress: 0x0000000800000000, ArchiveRelocationMode: 0.
Compressed class space mapped at: 0x0000000800c00000-0x0000000840c00000, reserved size: 1073741824
Narrow klass base: 0x0000000800000000, Narrow klass shift: 0, Narrow klass range: 0x100000000

GC Precious Log:
 CPUs: 4 total, 4 available
 Memory: 3839M
 Large Page Support: Disabled
 NUMA Support: Disabled
 Compressed Oops: Enabled (32-bit)
 Heap Region Size: 1M
 Heap Min Capacity: 8M
 Heap Initial Capacity: 60M
 Heap Max Capacity: 960M
 Pre-touch: Disabled
 Parallel Workers: 4
 Concurrent Workers: 1
 Concurrent Refinement Workers: 4
 Periodic GC: Disabled

Heap:
 garbage-first heap   total 71680K, used 33778K [0x00000000c4000000, 0x0000000100000000)
  region size 1024K, 1 young (1024K), 1 survivors (1024K)
 Metaspace       used 54326K, committed 54720K, reserved 1097728K
  class space    used 7122K, committed 7296K, reserved 1048576K

Heap Regions: E=young(eden), S=young(survivor), O=old, HS=humongous(starts), HC=humongous(continues), CS=collection set, F=free, OA=open archive, CA=closed archive, TAMS=top-at-mark-start (previous, next)
|   0|0x00000000c4000000, 0x00000000c4100000, 0x00000000c4100000|100%| O|  |TAMS 0x00000000c4100000, 0x00000000c4100000| Untracked 
|   1|0x00000000c4100000, 0x00000000c4200000, 0x00000000c4200000|100%|HS|  |TAMS 0x00000000c4200000, 0x00000000c4200000| Complete 
|   2|0x00000000c4200000, 0x00000000c4300000, 0x00000000c4300000|100%| O|  |TAMS 0x00000000c4300000, 0x00000000c4300000| Untracked 
|   3|0x00000000c4300000, 0x00000000c4400000, 0x00000000c4400000|100%| O|  |TAMS 0x00000000c4400000, 0x00000000c4400000| Untracked 
|   4|0x00000000c4400000, 0x00000000c4400000, 0x00000000c4500000|  0%| F|  |TAMS 0x00000000c4400000, 0x00000000c4400000| Untracked 
|   5|0x00000000c4500000, 0x00000000c4600000, 0x00000000c4600000|100%| O|  |TAMS 0x00000000c4600000, 0x00000000c4600000| Untracked 
|   6|0x00000000c4600000, 0x00000000c4700000, 0x00000000c4700000|100%| O|  |TAMS 0x00000000c4700000, 0x00000000c4700000| Untracked 
|   7|0x00000000c4700000, 0x00000000c4800000, 0x00000000c4800000|100%| O|  |TAMS 0x00000000c4800000, 0x00000000c4800000| Untracked 
|   8|0x00000000c4800000, 0x00000000c4900000, 0x00000000c4900000|100%| O|  |TAMS 0x00000000c4900000, 0x00000000c4900000| Untracked 
|   9|0x00000000c4900000, 0x00000000c4a00000, 0x00000000c4a00000|100%| O|  |TAMS 0x00000000c4a00000, 0x00000000c4a00000| Untracked 
|  10|0x00000000c4a00000, 0x00000000c4b00000, 0x00000000c4b00000|100%| O|  |TAMS 0x00000000c4b00000, 0x00000000c4b00000| Untracked 
|  11|0x00000000c4b00000, 0x00000000c4c00000, 0x00000000c4c00000|100%| O|  |TAMS 0x00000000c4b00000, 0x00000000c4c00000| Untracked 
|  12|0x00000000c4c00000, 0x00000000c4d00000, 0x00000000c4d00000|100%| O|  |TAMS 0x00000000c4d00000, 0x00000000c4d00000| Untracked 
|  13|0x00000000c4d00000, 0x00000000c4e00000, 0x00000000c4e00000|100%| O|  |TAMS 0x00000000c4e00000, 0x00000000c4e00000| Untracked 
|  14|0x00000000c4e00000, 0x00000000c4f00000, 0x00000000c4f00000|100%| O|  |TAMS 0x00000000c4f00000, 0x00000000c4f00000| Untracked 
|  15|0x00000000c4f00000, 0x00000000c5000000, 0x00000000c5000000|100%| O|  |TAMS 0x00000000c5000000, 0x00000000c5000000| Untracked 
|  16|0x00000000c5000000, 0x00000000c5100000, 0x00000000c5100000|100%| O|  |TAMS 0x00000000c5100000, 0x00000000c5100000| Untracked 
|  17|0x00000000c5100000, 0x00000000c5200000, 0x00000000c5200000|100%| O|  |TAMS 0x00000000c5200000, 0x00000000c5200000| Untracked 
|  18|0x00000000c5200000, 0x00000000c5300000, 0x00000000c5300000|100%| O|  |TAMS 0x00000000c5300000, 0x00000000c5300000| Untracked 
|  19|0x00000000c5300000, 0x00000000c5400000, 0x00000000c5400000|100%| O|  |TAMS 0x00000000c5400000, 0x00000000c5400000| Untracked 
|  20|0x00000000c5400000, 0x00000000c5500000, 0x00000000c5500000|100%| O|  |TAMS 0x00000000c5500000, 0x00000000c5500000| Untracked 
|  21|0x00000000c5500000, 0x00000000c5600000, 0x00000000c5600000|100%| O|  |TAMS 0x00000000c5600000, 0x00000000c5600000| Untracked 
|  22|0x00000000c5600000, 0x00000000c5700000, 0x00000000c5700000|100%| O|  |TAMS 0x00000000c5700000, 0x00000000c5700000| Untracked 
|  23|0x00000000c5700000, 0x00000000c5800000, 0x00000000c5800000|100%| O|  |TAMS 0x00000000c5800000, 0x00000000c5800000| Untracked 
|  24|0x00000000c5800000, 0x00000000c5900000, 0x00000000c5900000|100%| O|  |TAMS 0x00000000c5900000, 0x00000000c5900000| Untracked 
|  25|0x00000000c5900000, 0x00000000c5a00000, 0x00000000c5a00000|100%| O|  |TAMS 0x00000000c5a00000, 0x00000000c5a00000| Untracked 
|  26|0x00000000c5a00000, 0x00000000c5b00000, 0x00000000c5b00000|100%| O|  |TAMS 0x00000000c5b00000, 0x00000000c5b00000| Untracked 
|  27|0x00000000c5b00000, 0x00000000c5c00000, 0x00000000c5c00000|100%| O|  |TAMS 0x00000000c5c00000, 0x00000000c5c00000| Untracked 
|  28|0x00000000c5c00000, 0x00000000c5d00000, 0x00000000c5d00000|100%| O|  |TAMS 0x00000000c5d00000, 0x00000000c5d00000| Untracked 
|  29|0x00000000c5d00000, 0x00000000c5e00000, 0x00000000c5e00000|100%| O|  |TAMS 0x00000000c5e00000, 0x00000000c5e00000| Untracked 
|  30|0x00000000c5e00000, 0x00000000c5f00000, 0x00000000c5f00000|100%| O|  |TAMS 0x00000000c5f00000, 0x00000000c5f00000| Untracked 
|  31|0x00000000c5f00000, 0x00000000c6000000, 0x00000000c6000000|100%| O|  |TAMS 0x00000000c6000000, 0x00000000c6000000| Untracked 
|  32|0x00000000c6000000, 0x00000000c6100000, 0x00000000c6100000|100%| O|  |TAMS 0x00000000c60ba400, 0x00000000c6100000| Untracked 
|  33|0x00000000c6100000, 0x00000000c612d600, 0x00000000c6200000| 17%| O|  |TAMS 0x00000000c6100000, 0x00000000c612d600| Untracked 
|  34|0x00000000c6200000, 0x00000000c6200000, 0x00000000c6300000|  0%| F|  |TAMS 0x00000000c6200000, 0x00000000c6200000| Untracked 
|  35|0x00000000c6300000, 0x00000000c6300000, 0x00000000c6400000|  0%| F|  |TAMS 0x00000000c6300000, 0x00000000c6300000| Untracked 
|  36|0x00000000c6400000, 0x00000000c6400000, 0x00000000c6500000|  0%| F|  |TAMS 0x00000000c6400000, 0x00000000c6400000| Untracked 
|  37|0x00000000c6500000, 0x00000000c6500000, 0x00000000c6600000|  0%| F|  |TAMS 0x00000000c6500000, 0x00000000c6500000| Untracked 
|  38|0x00000000c6600000, 0x00000000c6600000, 0x00000000c6700000|  0%| F|  |TAMS 0x00000000c6600000, 0x00000000c6600000| Untracked 
|  39|0x00000000c6700000, 0x00000000c6700000, 0x00000000c6800000|  0%| F|  |TAMS 0x00000000c6700000, 0x00000000c6700000| Untracked 
|  40|0x00000000c6800000, 0x00000000c6800000, 0x00000000c6900000|  0%| F|  |TAMS 0x00000000c6800000, 0x00000000c6800000| Untracked 
|  41|0x00000000c6900000, 0x00000000c6900000, 0x00000000c6a00000|  0%| F|  |TAMS 0x00000000c6900000, 0x00000000c6900000| Untracked 
|  42|0x00000000c6a00000, 0x00000000c6a00000, 0x00000000c6b00000|  0%| F|  |TAMS 0x00000000c6a00000, 0x00000000c6a00000| Untracked 
|  43|0x00000000c6b00000, 0x00000000c6bcf500, 0x00000000c6c00000| 80%| S|CS|TAMS 0x00000000c6b00000, 0x00000000c6b00000| Complete 
|  44|0x00000000c6c00000, 0x00000000c6c00000, 0x00000000c6d00000|  0%| F|  |TAMS 0x00000000c6c00000, 0x00000000c6c00000| Untracked 
|  45|0x00000000c6d00000, 0x00000000c6d00000, 0x00000000c6e00000|  0%| F|  |TAMS 0x00000000c6d00000, 0x00000000c6d00000| Untracked 
|  46|0x00000000c6e00000, 0x00000000c6e00000, 0x00000000c6f00000|  0%| F|  |TAMS 0x00000000c6e00000, 0x00000000c6e00000| Untracked 
|  47|0x00000000c6f00000, 0x00000000c6f00000, 0x00000000c7000000|  0%| F|  |TAMS 0x00000000c6f00000, 0x00000000c6f00000| Untracked 
|  48|0x00000000c7000000, 0x00000000c7000000, 0x00000000c7100000|  0%| F|  |TAMS 0x00000000c7000000, 0x00000000c7000000| Untracked 
|  49|0x00000000c7100000, 0x00000000c7100000, 0x00000000c7200000|  0%| F|  |TAMS 0x00000000c7100000, 0x00000000c7100000| Untracked 
|  50|0x00000000c7200000, 0x00000000c7200000, 0x00000000c7300000|  0%| F|  |TAMS 0x00000000c7200000, 0x00000000c7200000| Untracked 
|  51|0x00000000c7300000, 0x00000000c7300000, 0x00000000c7400000|  0%| F|  |TAMS 0x00000000c7300000, 0x00000000c7300000| Untracked 
|  52|0x00000000c7400000, 0x00000000c7400000, 0x00000000c7500000|  0%| F|  |TAMS 0x00000000c7400000, 0x00000000c7400000| Untracked 
|  53|0x00000000c7500000, 0x00000000c7500000, 0x00000000c7600000|  0%| F|  |TAMS 0x00000000c7500000, 0x00000000c7500000| Untracked 
|  54|0x00000000c7600000, 0x00000000c7600000, 0x00000000c7700000|  0%| F|  |TAMS 0x00000000c7600000, 0x00000000c7600000| Untracked 
|  55|0x00000000c7700000, 0x00000000c7700000, 0x00000000c7800000|  0%| F|  |TAMS 0x00000000c7700000, 0x00000000c7700000| Untracked 
|  56|0x00000000c7800000, 0x00000000c7800000, 0x00000000c7900000|  0%| F|  |TAMS 0x00000000c7800000, 0x00000000c7800000| Untracked 
|  57|0x00000000c7900000, 0x00000000c7900000, 0x00000000c7a00000|  0%| F|  |TAMS 0x00000000c7900000, 0x00000000c7900000| Untracked 
|  58|0x00000000c7a00000, 0x00000000c7a00000, 0x00000000c7b00000|  0%| F|  |TAMS 0x00000000c7a00000, 0x00000000c7a00000| Untracked 
|  59|0x00000000c7b00000, 0x00000000c7b00000, 0x00000000c7c00000|  0%| F|  |TAMS 0x00000000c7b00000, 0x00000000c7b00000| Untracked 
|  60|0x00000000c7c00000, 0x00000000c7c00000, 0x00000000c7d00000|  0%| F|  |TAMS 0x00000000c7c00000, 0x00000000c7c00000| Untracked 
|  61|0x00000000c7d00000, 0x00000000c7d00000, 0x00000000c7e00000|  0%| F|  |TAMS 0x00000000c7d00000, 0x00000000c7d00000| Untracked 
|  62|0x00000000c7e00000, 0x00000000c7e00000, 0x00000000c7f00000|  0%| F|  |TAMS 0x00000000c7e00000, 0x00000000c7e00000| Untracked 
|  63|0x00000000c7f00000, 0x00000000c7f00000, 0x00000000c8000000|  0%| F|  |TAMS 0x00000000c7f00000, 0x00000000c7f00000| Untracked 
|  64|0x00000000c8000000, 0x00000000c8000000, 0x00000000c8100000|  0%| F|  |TAMS 0x00000000c8000000, 0x00000000c8000000| Untracked 
|  65|0x00000000c8100000, 0x00000000c8100000, 0x00000000c8200000|  0%| F|  |TAMS 0x00000000c8100000, 0x00000000c8100000| Untracked 
|  66|0x00000000c8200000, 0x00000000c8200000, 0x00000000c8300000|  0%| F|  |TAMS 0x00000000c8200000, 0x00000000c8200000| Untracked 
|  67|0x00000000c8300000, 0x00000000c8300000, 0x00000000c8400000|  0%| F|  |TAMS 0x00000000c8300000, 0x00000000c8300000| Untracked 
|  68|0x00000000c8400000, 0x00000000c8400000, 0x00000000c8500000|  0%| F|  |TAMS 0x00000000c8400000, 0x00000000c8400000| Untracked 
|  69|0x00000000c8500000, 0x00000000c8500000, 0x00000000c8600000|  0%| F|  |TAMS 0x00000000c8500000, 0x00000000c8500000| Untracked 

Card table byte_map: [0x000000d87bab0000,0x000000d87bc90000] _byte_map_base: 0x000000d87b490000

Marking Bits (Prev, Next): (CMBitMap*) 0x000000d8650c0d20, (CMBitMap*) 0x000000d8650c0d60
 Prev Bits: [0x000000d87be70000, 0x000000d87cd70000)
 Next Bits: [0x000000d87cd70000, 0x000000d87dc70000)

Polling page: 0x000000d862ff0000

Metaspace:

Usage:
  Non-class:     46.10 MB used.
      Class:      6.96 MB used.
       Both:     53.05 MB used.

Virtual space:
  Non-class space:       48.00 MB reserved,      46.31 MB ( 96%) committed,  6 nodes.
      Class space:        1.00 GB reserved,       7.13 MB ( <1%) committed,  1 nodes.
             Both:        1.05 GB reserved,      53.44 MB (  5%) committed. 

Chunk freelists:
   Non-Class:  1.28 MB
       Class:  912.00 KB
        Both:  2.17 MB

MaxMetaspaceSize: unlimited
CompressedClassSpaceSize: 1.00 GB
Initial GC threshold: 21.00 MB
Current GC threshold: 88.69 MB
CDS: on
MetaspaceReclaimPolicy: balanced
 - commit_granule_bytes: 65536.
 - commit_granule_words: 8192.
 - virtual_space_node_default_size: 1048576.
 - enlarge_chunks_in_place: 1.
 - new_chunks_are_fully_committed: 0.
 - uncommit_free_chunks: 1.
 - use_allocation_guard: 0.
 - handle_deallocations: 1.


Internal statistics:

num_allocs_failed_limit: 6.
num_arena_births: 448.
num_arena_deaths: 0.
num_vsnodes_births: 7.
num_vsnodes_deaths: 0.
num_space_committed: 855.
num_space_uncommitted: 0.
num_chunks_returned_to_freelist: 6.
num_chunks_taken_from_freelist: 2377.
num_chunk_merges: 6.
num_chunk_splits: 1656.
num_chunks_enlarged: 1272.
num_purges: 0.
num_inconsistent_stats: 0.

CodeHeap 'non-profiled nmethods': size=120000Kb used=2880Kb max_used=2880Kb free=117119Kb
 bounds [0x000000d8743a0000, 0x000000d874680000, 0x000000d87b8d0000]
CodeHeap 'profiled nmethods': size=120000Kb used=12350Kb max_used=12350Kb free=107649Kb
 bounds [0x000000d86ce70000, 0x000000d86da90000, 0x000000d8743a0000]
CodeHeap 'non-nmethods': size=5760Kb used=1304Kb max_used=1341Kb free=4455Kb
 bounds [0x000000d86c8d0000, 0x000000d86cb40000, 0x000000d86ce70000]
 total_blobs=6989 nmethods=6363 adapters=538
 compilation: enabled
              stopped_count=0, restarted_count=0
 full_count=0

Compilation events (20 events):
Event: 83.648 Thread 0x000000d8006a2750 7242       2       net.bytebuddy.implementation.bytecode.assign.primitive.PrimitiveBoxingDelegate$BoxingStackManipulation::isValid (10 bytes)
Event: 83.648 Thread 0x000000d8006a2750 nmethod 7242 0x000000d86da80e10 code [0x000000d86da80fa0, 0x000000d86da810c8]
Event: 83.649 Thread 0x000000d8006a2750 7243       1       net.bytebuddy.implementation.bytecode.assign.primitive.PrimitiveBoxingDelegate::access$000 (5 bytes)
Event: 83.649 Thread 0x000000d8006a2750 nmethod 7243 0x000000d87466e890 code [0x000000d87466ea20, 0x000000d87466ead8]
Event: 83.649 Thread 0x000000d8006a2750 7244       1       net.bytebuddy.implementation.bytecode.assign.primitive.PrimitiveBoxingDelegate::access$100 (5 bytes)
Event: 83.649 Thread 0x000000d8006a2750 nmethod 7244 0x000000d87466eb90 code [0x000000d87466ed20, 0x000000d87466edd8]
Event: 83.649 Thread 0x000000d8006a2750 7245       1       net.bytebuddy.implementation.bytecode.assign.primitive.PrimitiveBoxingDelegate::access$200 (5 bytes)
Event: 83.649 Thread 0x000000d8006a2750 nmethod 7245 0x000000d87466ee90 code [0x000000d87466f020, 0x000000d87466f0d8]
Event: 83.649 Thread 0x000000d8006a2750 7246       1       net.bytebuddy.implementation.bytecode.assign.primitive.PrimitiveBoxingDelegate::access$300 (5 bytes)
Event: 83.649 Thread 0x000000d8006a2750 nmethod 7246 0x000000d87466f190 code [0x000000d87466f320, 0x000000d87466f3d8]
Event: 83.663 Thread 0x000000d8006a2750 7247       1       net.bytebuddy.description.method.MethodDescription$ForLoadedConstructor::getInternalName (3 bytes)
Event: 83.664 Thread 0x000000d8006a2750 nmethod 7247 0x000000d87466f490 code [0x000000d87466f620, 0x000000d87466f6f8]
Event: 83.667 Thread 0x000000d8006a2750 7248       1       org.hibernate.tuple.entity.EntityMetamodel::getBytecodeEnhancementMetadata (5 bytes)
Event: 83.667 Thread 0x000000d8006a2750 nmethod 7248 0x000000d87466f790 code [0x000000d87466f920, 0x000000d87466f9f8]
Event: 83.667 Thread 0x000000d8006a2750 7249       1       org.hibernate.tuple.entity.EntityMetamodel::getPropertySpan (5 bytes)
Event: 83.667 Thread 0x000000d8006a2750 nmethod 7249 0x000000d87466fa90 code [0x000000d87466fc20, 0x000000d87466fcf8]
Event: 83.667 Thread 0x000000d8006a2750 7250       2       org.hibernate.internal.util.collections.ArrayHelper::to2DStringArray (19 bytes)
Event: 83.668 Thread 0x000000d8006a2750 nmethod 7250 0x000000d86da81190 code [0x000000d86da81340, 0x000000d86da81558]
Event: 83.671 Thread 0x000000d8006a2750 7251       1       net.bytebuddy.TypeCache$StorageKey::access$100 (5 bytes)
Event: 83.671 Thread 0x000000d8006a2750 nmethod 7251 0x000000d87466fd90 code [0x000000d87466ff20, 0x000000d87466ffd8]

GC Heap History (20 events):
Event: 75.770 GC heap after
{Heap after GC invocations=18 (full 0):
 garbage-first heap   total 55296K, used 29745K [0x00000000c4000000, 0x0000000100000000)
  region size 1024K, 3 young (3072K), 3 survivors (3072K)
 Metaspace       used 47966K, committed 48320K, reserved 1097728K
  class space    used 6285K, committed 6464K, reserved 1048576K
}
Event: 76.993 GC heap before
{Heap before GC invocations=19 (full 0):
 garbage-first heap   total 55296K, used 43057K [0x00000000c4000000, 0x0000000100000000)
  region size 1024K, 16 young (16384K), 3 survivors (3072K)
 Metaspace       used 50225K, committed 50560K, reserved 1097728K
  class space    used 6566K, committed 6720K, reserved 1048576K
}
Event: 77.030 GC heap after
{Heap after GC invocations=20 (full 0):
 garbage-first heap   total 55296K, used 31135K [0x00000000c4000000, 0x0000000100000000)
  region size 1024K, 2 young (2048K), 2 survivors (2048K)
 Metaspace       used 50225K, committed 50560K, reserved 1097728K
  class space    used 6566K, committed 6720K, reserved 1048576K
}
Event: 77.276 GC heap before
{Heap before GC invocations=20 (full 0):
 garbage-first heap   total 55296K, used 42399K [0x00000000c4000000, 0x0000000100000000)
  region size 1024K, 13 young (13312K), 2 survivors (2048K)
 Metaspace       used 50368K, committed 50688K, reserved 1097728K
  class space    used 6568K, committed 6720K, reserved 1048576K
}
Event: 77.286 GC heap after
{Heap after GC invocations=21 (full 0):
 garbage-first heap   total 66560K, used 31819K [0x00000000c4000000, 0x0000000100000000)
  region size 1024K, 1 young (1024K), 1 survivors (1024K)
 Metaspace       used 50368K, committed 50688K, reserved 1097728K
  class space    used 6568K, committed 6720K, reserved 1048576K
}
Event: 81.277 GC heap before
{Heap before GC invocations=22 (full 0):
 garbage-first heap   total 66560K, used 51275K [0x00000000c4000000, 0x0000000100000000)
  region size 1024K, 20 young (20480K), 1 survivors (1024K)
 Metaspace       used 52822K, committed 53184K, reserved 1097728K
  class space    used 7003K, committed 7168K, reserved 1048576K
}
Event: 81.297 GC heap after
{Heap after GC invocations=23 (full 0):
 garbage-first heap   total 66560K, used 32398K [0x00000000c4000000, 0x0000000100000000)
  region size 1024K, 2 young (2048K), 2 survivors (2048K)
 Metaspace       used 52822K, committed 53184K, reserved 1097728K
  class space    used 7003K, committed 7168K, reserved 1048576K
}
Event: 82.487 GC heap before
{Heap before GC invocations=23 (full 0):
 garbage-first heap   total 66560K, used 51854K [0x00000000c4000000, 0x0000000100000000)
  region size 1024K, 21 young (21504K), 2 survivors (2048K)
 Metaspace       used 53616K, committed 53952K, reserved 1097728K
  class space    used 7083K, committed 7232K, reserved 1048576K
}
Event: 82.494 GC heap after
{Heap after GC invocations=24 (full 0):
 garbage-first heap   total 66560K, used 32750K [0x00000000c4000000, 0x0000000100000000)
  region size 1024K, 2 young (2048K), 2 survivors (2048K)
 Metaspace       used 53616K, committed 53952K, reserved 1097728K
  class space    used 7083K, committed 7232K, reserved 1048576K
}
Event: 82.826 GC heap before
{Heap before GC invocations=25 (full 0):
 garbage-first heap   total 66560K, used 53230K [0x00000000c4000000, 0x0000000100000000)
  region size 1024K, 22 young (22528K), 2 survivors (2048K)
 Metaspace       used 53817K, committed 54208K, reserved 1097728K
  class space    used 7096K, committed 7296K, reserved 1048576K
}
Event: 82.836 GC heap after
{Heap after GC invocations=26 (full 0):
 garbage-first heap   total 66560K, used 33071K [0x00000000c4000000, 0x0000000100000000)
  region size 1024K, 2 young (2048K), 2 survivors (2048K)
 Metaspace       used 53817K, committed 54208K, reserved 1097728K
  class space    used 7096K, committed 7296K, reserved 1048576K
}
Event: 82.859 GC heap before
{Heap before GC invocations=26 (full 0):
 garbage-first heap   total 66560K, used 34095K [0x00000000c4000000, 0x0000000100000000)
  region size 1024K, 3 young (3072K), 2 survivors (2048K)
 Metaspace       used 53834K, committed 54272K, reserved 1097728K
  class space    used 7097K, committed 7296K, reserved 1048576K
}
Event: 82.871 GC heap after
{Heap after GC invocations=27 (full 0):
 garbage-first heap   total 66560K, used 32983K [0x00000000c4000000, 0x0000000100000000)
  region size 1024K, 1 young (1024K), 1 survivors (1024K)
 Metaspace       used 53834K, committed 54272K, reserved 1097728K
  class space    used 7097K, committed 7296K, reserved 1048576K
}
Event: 83.142 GC heap before
{Heap before GC invocations=27 (full 0):
 garbage-first heap   total 66560K, used 53463K [0x00000000c4000000, 0x0000000100000000)
  region size 1024K, 21 young (21504K), 1 survivors (1024K)
 Metaspace       used 53994K, committed 54400K, reserved 1097728K
  class space    used 7104K, committed 7296K, reserved 1048576K
}
Event: 83.146 GC heap after
{Heap after GC invocations=28 (full 0):
 garbage-first heap   total 66560K, used 33244K [0x00000000c4000000, 0x0000000100000000)
  region size 1024K, 1 young (1024K), 1 survivors (1024K)
 Metaspace       used 53994K, committed 54400K, reserved 1097728K
  class space    used 7104K, committed 7296K, reserved 1048576K
}
Event: 83.409 GC heap before
{Heap before GC invocations=29 (full 0):
 garbage-first heap   total 71680K, used 54748K [0x00000000c4000000, 0x0000000100000000)
  region size 1024K, 22 young (22528K), 1 survivors (1024K)
 Metaspace       used 54139K, committed 54528K, reserved 1097728K
  class space    used 7112K, committed 7296K, reserved 1048576K
}
Event: 83.413 GC heap after
{Heap after GC invocations=30 (full 0):
 garbage-first heap   total 71680K, used 33656K [0x00000000c4000000, 0x0000000100000000)
  region size 1024K, 2 young (2048K), 2 survivors (2048K)
 Metaspace       used 54139K, committed 54528K, reserved 1097728K
  class space    used 7112K, committed 7296K, reserved 1048576K
}
Event: 83.421 GC heap before
{Heap before GC invocations=30 (full 0):
 garbage-first heap   total 71680K, used 34680K [0x00000000c4000000, 0x0000000100000000)
  region size 1024K, 3 young (3072K), 2 survivors (2048K)
 Metaspace       used 54156K, committed 54528K, reserved 1097728K
  class space    used 7113K, committed 7296K, reserved 1048576K
}
Event: 83.425 GC heap after
{Heap after GC invocations=31 (full 0):
 garbage-first heap   total 71680K, used 33360K [0x00000000c4000000, 0x0000000100000000)
  region size 1024K, 1 young (1024K), 1 survivors (1024K)
 Metaspace       used 54156K, committed 54528K, reserved 1097728K
  class space    used 7113K, committed 7296K, reserved 1048576K
}
Event: 83.673 GC heap before
{Heap before GC invocations=31 (full 0):
 garbage-first heap   total 71680K, used 58960K [0x00000000c4000000, 0x0000000100000000)
  region size 1024K, 26 young (26624K), 1 survivors (1024K)
 Metaspace       used 54326K, committed 54720K, reserved 1097728K
  class space    used 7122K, committed 7296K, reserved 1048576K
}

Deoptimization events (20 events):
Event: 83.469 Thread 0x000000d865085d40 Uncommon trap: trap_request=0xffffffbe fr.pc=0x000000d874667028 relative=0x0000000000001b28
Event: 83.469 Thread 0x000000d865085d40 Uncommon trap: reason=profile_predicate action=maybe_recompile pc=0x000000d874667028 method=net.bytebuddy.implementation.bytecode.StackManipulation$Compound.<init>(Ljava/util/List;)V @ 28 c2
Event: 83.469 Thread 0x000000d865085d40 DEOPT PACKING pc=0x000000d874667028 sp=0x000000d86482a740
Event: 83.469 Thread 0x000000d865085d40 DEOPT UNPACKING pc=0x000000d86c92239d sp=0x000000d86482a730 mode 2
Event: 83.469 Thread 0x000000d865085d40 Uncommon trap: trap_request=0xffffffbe fr.pc=0x000000d874667028 relative=0x0000000000001b28
Event: 83.469 Thread 0x000000d865085d40 Uncommon trap: reason=profile_predicate action=maybe_recompile pc=0x000000d874667028 method=net.bytebuddy.implementation.bytecode.StackManipulation$Compound.<init>(Ljava/util/List;)V @ 28 c2
Event: 83.469 Thread 0x000000d865085d40 DEOPT PACKING pc=0x000000d874667028 sp=0x000000d86482a690
Event: 83.469 Thread 0x000000d865085d40 DEOPT UNPACKING pc=0x000000d86c92239d sp=0x000000d86482a680 mode 2
Event: 83.469 Thread 0x000000d865085d40 Uncommon trap: trap_request=0xffffffbe fr.pc=0x000000d874667028 relative=0x0000000000001b28
Event: 83.469 Thread 0x000000d865085d40 Uncommon trap: reason=profile_predicate action=maybe_recompile pc=0x000000d874667028 method=net.bytebuddy.implementation.bytecode.StackManipulation$Compound.<init>(Ljava/util/List;)V @ 28 c2
Event: 83.469 Thread 0x000000d865085d40 DEOPT PACKING pc=0x000000d874667028 sp=0x000000d86482a670
Event: 83.469 Thread 0x000000d865085d40 DEOPT UNPACKING pc=0x000000d86c92239d sp=0x000000d86482a660 mode 2
Event: 83.481 Thread 0x000000d865085d40 Uncommon trap: trap_request=0xffffff45 fr.pc=0x000000d87464cbd4 relative=0x0000000000001834
Event: 83.481 Thread 0x000000d865085d40 Uncommon trap: reason=unstable_if action=reinterpret pc=0x000000d87464cbd4 method=net.bytebuddy.jar.asm.Type.appendDescriptor(Ljava/lang/Class;Ljava/lang/StringBuilder;)V @ 61 c2
Event: 83.481 Thread 0x000000d865085d40 DEOPT PACKING pc=0x000000d87464cbd4 sp=0x000000d86482aa50
Event: 83.481 Thread 0x000000d865085d40 DEOPT UNPACKING pc=0x000000d86c92239d sp=0x000000d86482aa18 mode 2
Event: 83.522 Thread 0x000000d865085d40 Uncommon trap: trap_request=0xfffffff4 fr.pc=0x000000d874669fe4 relative=0x0000000000001624
Event: 83.522 Thread 0x000000d865085d40 Uncommon trap: reason=null_check action=make_not_entrant pc=0x000000d874669fe4 method=org.hibernate.internal.util.ReflectHelper.findGetterMethodForFieldAccess(Ljava/lang/reflect/Field;Ljava/lang/String;)Ljava/lang/reflect/Method; @ 60 c2
Event: 83.522 Thread 0x000000d865085d40 DEOPT PACKING pc=0x000000d874669fe4 sp=0x000000d86482b290
Event: 83.522 Thread 0x000000d865085d40 DEOPT UNPACKING pc=0x000000d86c92239d sp=0x000000d86482b260 mode 2

Classes unloaded (0 events):
No events

Classes redefined (0 events):
No events

Internal exceptions (20 events):
Event: 62.814 Thread 0x000000d865085d40 Exception <a 'java/lang/ClassNotFoundException'{0x00000000c6fbdbb8}: org/springframework/context/weaving/LoadTimeWeaverAwareCustomizer> (0x00000000c6fbdbb8) 
thrown [t:\workspace\open\src\hotspot\share\classfile\systemDictionary.cpp, line 256]
Event: 62.816 Thread 0x000000d865085d40 Exception <a 'java/lang/ClassNotFoundException'{0x00000000c6fc4808}: org/springframework/beans/factory/AwareCustomizer> (0x00000000c6fc4808) 
thrown [t:\workspace\open\src\hotspot\share\classfile\systemDictionary.cpp, line 256]
Event: 62.817 Thread 0x000000d865085d40 Exception <a 'java/lang/ClassNotFoundException'{0x00000000c6fca818}: org/springframework/beans/factory/FactoryBeanCustomizer> (0x00000000c6fca818) 
thrown [t:\workspace\open\src\hotspot\share\classfile\systemDictionary.cpp, line 256]
Event: 62.819 Thread 0x000000d865085d40 Exception <a 'java/lang/ClassNotFoundException'{0x00000000c6fd4b80}: org/springframework/beans/factory/BeanClassLoaderAwareCustomizer> (0x00000000c6fd4b80) 
thrown [t:\workspace\open\src\hotspot\share\classfile\systemDictionary.cpp, line 256]
Event: 62.820 Thread 0x000000d865085d40 Exception <a 'java/lang/ClassNotFoundException'{0x00000000c6fdb720}: org/springframework/beans/factory/AwareCustomizer> (0x00000000c6fdb720) 
thrown [t:\workspace\open\src\hotspot\share\classfile\systemDictionary.cpp, line 256]
Event: 62.821 Thread 0x000000d865085d40 Exception <a 'java/lang/ClassNotFoundException'{0x00000000c6fe16b0}: org/springframework/beans/factory/BeanFactoryAwareCustomizer> (0x00000000c6fe16b0) 
thrown [t:\workspace\open\src\hotspot\share\classfile\systemDictionary.cpp, line 256]
Event: 62.823 Thread 0x000000d865085d40 Exception <a 'java/lang/ClassNotFoundException'{0x00000000c6fe88f0}: org/springframework/beans/factory/AwareCustomizer> (0x00000000c6fe88f0) 
thrown [t:\workspace\open\src\hotspot\share\classfile\systemDictionary.cpp, line 256]
Event: 62.824 Thread 0x000000d865085d40 Exception <a 'java/lang/ClassNotFoundException'{0x00000000c6fee850}: org/springframework/beans/factory/BeanNameAwareCustomizer> (0x00000000c6fee850) 
thrown [t:\workspace\open\src\hotspot\share\classfile\systemDictionary.cpp, line 256]
Event: 62.825 Thread 0x000000d865085d40 Exception <a 'java/lang/ClassNotFoundException'{0x00000000c6ff5790}: org/springframework/beans/factory/AwareCustomizer> (0x00000000c6ff5790) 
thrown [t:\workspace\open\src\hotspot\share\classfile\systemDictionary.cpp, line 256]
Event: 62.826 Thread 0x000000d865085d40 Exception <a 'java/lang/ClassNotFoundException'{0x00000000c6ffb720}: org/springframework/beans/factory/InitializingBeanCustomizer> (0x00000000c6ffb720) 
thrown [t:\workspace\open\src\hotspot\share\classfile\systemDictionary.cpp, line 256]
Event: 62.828 Thread 0x000000d865085d40 Exception <a 'java/lang/ClassNotFoundException'{0x00000000c6e02380}: org/springframework/beans/factory/DisposableBeanCustomizer> (0x00000000c6e02380) 
thrown [t:\workspace\open\src\hotspot\share\classfile\systemDictionary.cpp, line 256]
Event: 62.830 Thread 0x000000d865085d40 Exception <a 'java/lang/ClassNotFoundException'{0x00000000c6e08eb0}: org/springframework/orm/jpa/EntityManagerFactoryInfoCustomizer> (0x00000000c6e08eb0) 
thrown [t:\workspace\open\src\hotspot\share\classfile\systemDictionary.cpp, line 256]
Event: 62.832 Thread 0x000000d865085d40 Exception <a 'java/lang/ClassNotFoundException'{0x00000000c6e19930}: org/springframework/dao/support/PersistenceExceptionTranslatorCustomizer> (0x00000000c6e19930) 
thrown [t:\workspace\open\src\hotspot\share\classfile\systemDictionary.cpp, line 256]
Event: 67.236 Thread 0x000000d865085d40 Exception <a 'java/lang/NoSuchMethodError'{0x00000000c7181420}: 'java.lang.Object java.lang.invoke.DirectMethodHandle$Holder.invokeStaticInit(java.lang.Object, int, int, int, int)'> (0x00000000c7181420) 
thrown [t:\workspace\open\src\hotspot\share\interpreter\linkResolver.cpp, line 766]
Event: 68.450 Thread 0x000000d865085d40 Exception <a 'java/lang/NoSuchMethodError'{0x00000000c7084cf0}: 'java.lang.Object java.lang.invoke.DirectMethodHandle$Holder.invokeStaticInit(java.lang.Object, java.lang.Object, int, int, int, int)'> (0x00000000c7084cf0) 
thrown [t:\workspace\open\src\hotspot\share\interpreter\linkResolver.cpp, line 766]
Event: 70.771 Thread 0x000000d865085d40 Exception <a 'sun/nio/fs/WindowsException'{0x00000000c7b61710}> (0x00000000c7b61710) 
thrown [t:\workspace\open\src\hotspot\share\prims\jni.cpp, line 516]
Event: 70.858 Thread 0x000000d865085d40 Exception <a 'java/lang/NoSuchMethodError'{0x00000000c7b84840}: 'int java.lang.invoke.DirectMethodHandle$Holder.invokeStaticInit(java.lang.Object, java.lang.Object, java.lang.Object, java.lang.Object)'> (0x00000000c7b84840) 
thrown [t:\workspace\open\src\hotspot\share\interpreter\linkResolver.cpp, line 766]
Event: 74.759 Thread 0x000000d865085d40 Exception <a 'java/lang/NoSuchMethodError'{0x00000000c7b82f90}: 'java.lang.Object java.lang.invoke.DirectMethodHandle$Holder.invokeStaticInit(java.lang.Object, java.lang.Object, java.lang.Object, java.lang.Object)'> (0x00000000c7b82f90) 
thrown [t:\workspace\open\src\hotspot\share\interpreter\linkResolver.cpp, line 766]
Event: 76.117 Thread 0x000000d865085d40 Exception <a 'java/lang/NoSuchMethodError'{0x00000000c7151148}: 'java.lang.Object java.lang.invoke.DirectMethodHandle$Holder.newInvokeSpecial(java.lang.Object, java.lang.Object, int, java.lang.Object, java.lang.Object)'> (0x00000000c7151148) 
thrown [t:\workspace\open\src\hotspot\share\interpreter\linkResolver.cpp, line 766]
Event: 83.522 Thread 0x000000d865085d40 Implicit null exception at 0x000000d874668da8 to 0x000000d874669fd0

VM Operations (20 events):
Event: 82.494 Executing VM operation: G1CollectForAllocation done
Event: 82.593 Executing VM operation: G1Concurrent
Event: 82.603 Executing VM operation: G1Concurrent done
Event: 82.663 Executing VM operation: G1Concurrent
Event: 82.663 Executing VM operation: G1Concurrent done
Event: 82.826 Executing VM operation: G1CollectForAllocation
Event: 82.836 Executing VM operation: G1CollectForAllocation done
Event: 82.859 Executing VM operation: G1CollectForAllocation
Event: 82.871 Executing VM operation: G1CollectForAllocation done
Event: 83.141 Executing VM operation: G1CollectForAllocation
Event: 83.146 Executing VM operation: G1CollectForAllocation done
Event: 83.251 Executing VM operation: G1Concurrent
Event: 83.260 Executing VM operation: G1Concurrent done
Event: 83.323 Executing VM operation: G1Concurrent
Event: 83.323 Executing VM operation: G1Concurrent done
Event: 83.409 Executing VM operation: G1CollectForAllocation
Event: 83.413 Executing VM operation: G1CollectForAllocation done
Event: 83.421 Executing VM operation: G1CollectForAllocation
Event: 83.425 Executing VM operation: G1CollectForAllocation done
Event: 83.673 Executing VM operation: G1CollectForAllocation

Events (20 events):
Event: 76.272 loading class java/util/concurrent/CompletionStage done
Event: 76.274 loading class java/util/concurrent/CompletableFuture
Event: 76.283 loading class java/util/concurrent/CompletableFuture done
Event: 76.283 loading class java/util/concurrent/CompletableFuture$AltResult
Event: 76.284 loading class java/util/concurrent/CompletableFuture$AltResult done
Event: 76.284 loading class java/util/concurrent/CompletableFuture$Completion
Event: 76.285 loading class java/util/concurrent/CompletableFuture$AsynchronousCompletionTask
Event: 76.285 loading class java/util/concurrent/CompletableFuture$AsynchronousCompletionTask done
Event: 76.293 loading class java/util/concurrent/CompletableFuture$Completion done
Event: 76.693 loading class sun/reflect/annotation/TypeAnnotation$TypeAnnotationTargetInfo
Event: 76.707 loading class sun/reflect/annotation/TypeAnnotation$TypeAnnotationTargetInfo done
Event: 77.322 loading class sun/reflect/annotation/AnnotatedTypeFactory$AnnotatedArrayTypeImpl
Event: 77.323 loading class sun/reflect/annotation/AnnotatedTypeFactory$AnnotatedArrayTypeImpl done
Event: 79.073 Thread 0x000000d803b06fe0 Thread exited: 0x000000d803b06fe0
Event: 79.273 loading class java/lang/Throwable$WrappedPrintWriter
Event: 79.311 loading class java/lang/Throwable$PrintStreamOrWriter
Event: 79.361 loading class java/lang/Throwable$PrintStreamOrWriter done
Event: 79.361 loading class java/lang/Throwable$WrappedPrintWriter done
Event: 80.552 loading class java/util/AbstractList$SubList
Event: 80.590 loading class java/util/AbstractList$SubList done


Dynamic libraries:
0x00007ff77c490000 - 0x00007ff77c4a0000 	C:\Program Files\Java\jdk-17.0.3\bin\java.exe
0x00007ffde3330000 - 0x00007ffde34dd000 	C:\Windows\SYSTEM32\ntdll.dll
0x00007ffde1c80000 - 0x00007ffde1dbf000 	C:\Windows\system32\KERNEL32.DLL
0x00007ffde0890000 - 0x00007ffde09a5000 	C:\Windows\system32\KERNELBASE.dll
0x00007ffdc6eb0000 - 0x00007ffdc6ec8000 	C:\Program Files\Java\jdk-17.0.3\bin\jli.dll
0x00007ffdc6b80000 - 0x00007ffdc6b9a000 	C:\Program Files\Java\jdk-17.0.3\bin\VCRUNTIME140.dll
0x00007ffdc8800000 - 0x00007ffdc8804000 	C:\Program Files\Java\jdk-17.0.3\bin\api-ms-win-crt-stdio-l1-1-0.dll
0x00007ffdc7850000 - 0x00007ffdc7854000 	C:\Program Files\Java\jdk-17.0.3\bin\api-ms-win-crt-runtime-l1-1-0.dll
0x00007ffdc7350000 - 0x00007ffdc7353000 	C:\Program Files\Java\jdk-17.0.3\bin\api-ms-win-crt-environment-l1-1-0.dll
0x00007ffdc7290000 - 0x00007ffdc7295000 	C:\Program Files\Java\jdk-17.0.3\bin\api-ms-win-crt-math-l1-1-0.dll
0x00007ffdc6f80000 - 0x00007ffdc6f83000 	C:\Program Files\Java\jdk-17.0.3\bin\api-ms-win-crt-locale-l1-1-0.dll
0x00007ffdc6b70000 - 0x00007ffdc6b73000 	C:\Program Files\Java\jdk-17.0.3\bin\api-ms-win-crt-heap-l1-1-0.dll
0x00007ffde0ce0000 - 0x00007ffde0d8d000 	C:\Windows\system32\ADVAPI32.dll
0x00007ffdd32d0000 - 0x00007ffdd354b000 	C:\Windows\WinSxS\amd64_microsoft.windows.common-controls_6595b64144ccf1df_6.0.9600.19394_none_62486577ecb635cf\COMCTL32.dll
0x00007ffde09b0000 - 0x00007ffde0b27000 	C:\Windows\system32\USER32.dll
0x00007ffdd8ce0000 - 0x00007ffdd8cea000 	C:\Windows\SYSTEM32\VERSION.dll
0x00007ffdc6b60000 - 0x00007ffdc6b63000 	C:\Program Files\Java\jdk-17.0.3\bin\api-ms-win-crt-filesystem-l1-1-0.dll
0x00007ffdc6870000 - 0x00007ffdc6874000 	C:\Program Files\Java\jdk-17.0.3\bin\api-ms-win-crt-string-l1-1-0.dll
0x00007ffdc5540000 - 0x00007ffdc5544000 	C:\Program Files\Java\jdk-17.0.3\bin\api-ms-win-crt-convert-l1-1-0.dll
0x00007ffde1a80000 - 0x00007ffde1b2a000 	C:\Windows\system32\msvcrt.dll
0x00007ffde0d90000 - 0x00007ffde0deb000 	C:\Windows\SYSTEM32\sechost.dll
0x00007ffde0df0000 - 0x00007ffde0f25000 	C:\Windows\system32\RPCRT4.dll
0x00007ffde1b30000 - 0x00007ffde1c7e000 	C:\Windows\system32\GDI32.dll
0x00007ffdc08b0000 - 0x00007ffdc09aa000 	C:\Program Files\Java\jdk-17.0.3\bin\ucrtbase.DLL
0x00007ffde0860000 - 0x00007ffde088e000 	C:\Windows\system32\SspiCli.dll
0x00007ffde32f0000 - 0x00007ffde3326000 	C:\Windows\system32\IMM32.DLL
0x00007ffde1350000 - 0x00007ffde14a1000 	C:\Windows\system32\MSCTF.dll
0x00007ffdc3b30000 - 0x00007ffdc3b3c000 	C:\Program Files\Java\jdk-17.0.3\bin\vcruntime140_1.dll
0x00007ffdc1cf0000 - 0x00007ffdc1d7d000 	C:\Program Files\Java\jdk-17.0.3\bin\msvcp140.dll
0x00007ffdc3aa0000 - 0x00007ffdc3aa3000 	C:\Program Files\Java\jdk-17.0.3\bin\api-ms-win-crt-time-l1-1-0.dll
0x00007ffdc3a90000 - 0x00007ffdc3a93000 	C:\Program Files\Java\jdk-17.0.3\bin\api-ms-win-crt-utility-l1-1-0.dll
0x00007ffda6490000 - 0x00007ffda7051000 	C:\Program Files\Java\jdk-17.0.3\bin\server\jvm.dll
0x00007ffdca8e0000 - 0x00007ffdca8e9000 	C:\Windows\SYSTEM32\WSOCK32.dll
0x00007ffdda850000 - 0x00007ffdda872000 	C:\Windows\SYSTEM32\WINMM.dll
0x00007ffde14b0000 - 0x00007ffde14b7000 	C:\Windows\system32\PSAPI.DLL
0x00007ffde12f0000 - 0x00007ffde134a000 	C:\Windows\system32\WS2_32.dll
0x00007ffdda820000 - 0x00007ffdda84a000 	C:\Windows\SYSTEM32\WINMMBASE.dll
0x00007ffde12e0000 - 0x00007ffde12e9000 	C:\Windows\system32\NSI.dll
0x00007ffde04a0000 - 0x00007ffde04ef000 	C:\Windows\SYSTEM32\cfgmgr32.dll
0x00007ffddf280000 - 0x00007ffddf2a8000 	C:\Windows\SYSTEM32\DEVOBJ.dll
0x00007ffdc3a80000 - 0x00007ffdc3a8a000 	C:\Program Files\Java\jdk-17.0.3\bin\jimage.dll
0x00007ffdccb80000 - 0x00007ffdccd0a000 	C:\Windows\SYSTEM32\DBGHELP.DLL
0x00007ffdc1e00000 - 0x00007ffdc1e25000 	C:\Program Files\Java\jdk-17.0.3\bin\java.dll
0x00007ffdc07d0000 - 0x00007ffdc08a6000 	C:\Program Files\Java\jdk-17.0.3\bin\jsvml.dll
0x00007ffde1dc0000 - 0x00007ffde32ec000 	C:\Windows\system32\SHELL32.dll
0x00007ffde0f30000 - 0x00007ffde1142000 	C:\Windows\SYSTEM32\combase.dll
0x00007ffde1760000 - 0x00007ffde17b4000 	C:\Windows\system32\SHLWAPI.dll
0x00007ffddea30000 - 0x00007ffddeae2000 	C:\Windows\SYSTEM32\SHCORE.dll
0x00007ffde03d0000 - 0x00007ffde03e5000 	C:\Windows\SYSTEM32\profapi.dll
0x00007ffdc1cd0000 - 0x00007ffdc1ce9000 	C:\Program Files\Java\jdk-17.0.3\bin\net.dll
0x00007ffddb3a0000 - 0x00007ffddb469000 	C:\Windows\SYSTEM32\WINHTTP.dll
0x00007ffddfc10000 - 0x00007ffddfc69000 	C:\Windows\system32\mswsock.dll
0x00007ffdc1cb0000 - 0x00007ffdc1cc6000 	C:\Program Files\Java\jdk-17.0.3\bin\nio.dll
0x00007ffdc1c90000 - 0x00007ffdc1ca8000 	C:\Program Files\Java\jdk-17.0.3\bin\zip.dll
0x00007ffdc37d0000 - 0x00007ffdc37d9000 	C:\Program Files\Java\jdk-17.0.3\bin\management.dll
0x00007ffdc3710000 - 0x00007ffdc371b000 	C:\Program Files\Java\jdk-17.0.3\bin\management_ext.dll
0x00007ffdc3a70000 - 0x00007ffdc3a80000 	C:\Program Files\Java\jdk-17.0.3\bin\verify.dll
0x00007ffddc860000 - 0x00007ffddc88a000 	C:\Windows\SYSTEM32\IPHLPAPI.DLL
0x00007ffddc7f0000 - 0x00007ffddc7fa000 	C:\Windows\SYSTEM32\WINNSI.DLL
0x00007ffddc6c0000 - 0x00007ffddc6d6000 	C:\Windows\SYSTEM32\dhcpcsvc6.DLL
0x00007ffddc620000 - 0x00007ffddc63a000 	C:\Windows\SYSTEM32\dhcpcsvc.DLL
0x00007ffddfa10000 - 0x00007ffddfab4000 	C:\Windows\SYSTEM32\DNSAPI.dll
0x00007ffdd9ff0000 - 0x00007ffdd9ffa000 	C:\Windows\System32\rasadhlp.dll
0x00007ffddc770000 - 0x00007ffddc7db000 	C:\Windows\System32\fwpuclnt.dll
0x00007ffdd8cf0000 - 0x00007ffdd8d05000 	C:\Windows\system32\napinsp.dll
0x00007ffddd880000 - 0x00007ffddd89b000 	C:\Windows\system32\NLAapi.dll
0x00007ffdd8db0000 - 0x00007ffdd8dbd000 	C:\Windows\System32\winrnr.dll
0x00007ffddfc70000 - 0x00007ffddfc90000 	C:\Windows\SYSTEM32\CRYPTSP.dll
0x00007ffddf8b0000 - 0x00007ffddf8e6000 	C:\Windows\system32\rsaenh.dll
0x00007ffddfeb0000 - 0x00007ffddfed6000 	C:\Windows\SYSTEM32\bcrypt.dll
0x00007ffddf9a0000 - 0x00007ffddf9c1000 	C:\Windows\SYSTEM32\USERENV.dll
0x00007ffde01d0000 - 0x00007ffde0233000 	C:\Windows\system32\bcryptprimitives.dll
0x00007ffde0360000 - 0x00007ffde036b000 	C:\Windows\SYSTEM32\CRYPTBASE.dll
0x00007ffdc3700000 - 0x00007ffdc370e000 	C:\Program Files\Java\jdk-17.0.3\bin\sunmscapi.dll
0x00007ffde05a0000 - 0x00007ffde07f7000 	C:\Windows\system32\CRYPT32.dll
0x00007ffddfe80000 - 0x00007ffddfea5000 	C:\Windows\SYSTEM32\ncrypt.dll
0x00007ffde0480000 - 0x00007ffde0491000 	C:\Windows\system32\MSASN1.dll
0x00007ffddfe40000 - 0x00007ffddfe77000 	C:\Windows\SYSTEM32\NTASN1.dll

dbghelp: loaded successfully - version: 4.0.5 - missing functions: none
symbol engine: initialized successfully - sym options: 0x614 - pdb path: .;C:\Program Files\Java\jdk-17.0.3\bin;C:\Windows\SYSTEM32;C:\Windows\WinSxS\amd64_microsoft.windows.common-controls_6595b64144ccf1df_6.0.9600.19394_none_62486577ecb635cf;C:\Program Files\Java\jdk-17.0.3\bin\server

VM Arguments:
java_command: C:\Users\ADMINI~1.WS2\AppData\Local\Temp\surefire2055275308580971885\surefirebooter8638156747203849850.jar C:\Users\Administrador.WS2012\AppData\Local\Temp\surefire2055275308580971885 2022-08-17T03-00-04_215-jvmRun1 surefire18405725231531956628tmp surefire_014580163469737573153tmp
java_class_path (initial): C:\Users\ADMINI~1.WS2\AppData\Local\Temp\surefire2055275308580971885\surefirebooter8638156747203849850.jar
Launcher Type: SUN_STANDARD

[Global flags]
     intx CICompilerCount                          = 3                                         {product} {ergonomic}
     uint ConcGCThreads                            = 1                                         {product} {ergonomic}
     uint G1ConcRefinementThreads                  = 4                                         {product} {ergonomic}
   size_t G1HeapRegionSize                         = 1048576                                   {product} {ergonomic}
    uintx GCDrainStackTargetSize                   = 64                                        {product} {ergonomic}
   size_t InitialHeapSize                          = 62914560                                  {product} {ergonomic}
   size_t MarkStackSize                            = 4194304                                   {product} {ergonomic}
   size_t MaxHeapSize                              = 1006632960                                {product} {ergonomic}
   size_t MaxNewSize                               = 603979776                                 {product} {ergonomic}
   size_t MinHeapDeltaBytes                        = 1048576                                   {product} {ergonomic}
   size_t MinHeapSize                              = 8388608                                   {product} {ergonomic}
    uintx NonNMethodCodeHeapSize                   = 5832780                                {pd product} {ergonomic}
    uintx NonProfiledCodeHeapSize                  = 122912730                              {pd product} {ergonomic}
    uintx ProfiledCodeHeapSize                     = 122912730                              {pd product} {ergonomic}
    uintx ReservedCodeCacheSize                    = 251658240                              {pd product} {ergonomic}
     bool SegmentedCodeCache                       = true                                      {product} {ergonomic}
   size_t SoftMaxHeapSize                          = 1006632960                             {manageable} {ergonomic}
     bool UseCompressedClassPointers               = true                           {product lp64_product} {ergonomic}
     bool UseCompressedOops                        = true                           {product lp64_product} {ergonomic}
     bool UseG1GC                                  = true                                      {product} {ergonomic}
     bool UseLargePagesIndividualAllocation        = false                                  {pd product} {ergonomic}

Logging:
Log output configuration:
 #0: stdout all=warning uptime,level,tags
 #1: stderr all=off uptime,level,tags

Environment Variables:
JAVA_HOME=C:\Program Files\Java\jdk-17.0.3
PATH=C:\Program Files\Common Files\Oracle\Java\javapath;C:\Python39\Scripts\;C:\Python39\;C:\Windows\system32;C:\Windows;C:\Windows\System32\Wbem;C:\Windows\System32\WindowsPowerShell\v1.0\;C:\Program Files\Microsoft\Web Platform Installer\;C:\Program Files (x86)\Microsoft ASP.NET\ASP.NET Web Pages\v1.0\;C:\Program Files\Microsoft SQL Server\Client SDK\ODBC\130\Tools\Binn\;C:\Program Files (x86)\Microsoft SQL Server\140\Tools\Binn\;C:\Program Files\Microsoft SQL Server\140\Tools\Binn\;C:\Program Files\Microsoft SQL Server\140\DTS\Binn\;C:\Program Files\dotnet\;C:\Program Files\MariaDB\MariaDB Connector C 64-bit\lib\;C:\Program Files\MariaDB\MariaDB Connector C 64-bit\lib\plugin\;C:\Program Files\Microsoft SQL Server\130\Tools\Binn\;C:\Program Files (x86)\Microsoft SQL Server\150\DTS\Binn\;C:\Program Files\Azure Data Studio\bin;C:\Program Files\Git\cmd;C:\Gradle\gradle-7.4.2\bin;C:\Program Files\nodejs\;;C:\Users\Administrador.WS2012\AppData\Local\Programs\Microsoft VS Code\bin;C:\Program Files\Azure Data Studio\bin;C:\Program Files\JetBrains\IntelliJ IDEA Community Edition 2022.1\bin;;C:\Users\Administrador.WS2012\AppData\Roaming\npm;C:\Program Files\Java\apache-maven-3.8.6\bin
USERNAME=Administrador
LANG=es_ES.UTF-8
OS=Windows_NT
PROCESSOR_IDENTIFIER=AMD64 Family 16 Model 5 Stepping 2, AuthenticAMD



---------------  S Y S T E M  ---------------

OS:
 Windows Server 2012 R2 , 64 bit Build 9600 (6.3.9600.20389)
OS uptime: 2 days 9:32 hours

CPU: total 4 (initial active 4) (4 cores per cpu, 1 threads per core) family 16 model 5 stepping 2 microcode 0x10000db, cx8, cmov, fxsr, mmx, 3dnowpref, sse, sse2, sse3, sse4a, popcnt, lzcnt, tsc, tscinvbit, clflush

Memory: 4k page, system-wide physical 3839M (77M free)
TotalPageFile size 6911M (AvailPageFile size 5M)
current process WorkingSet (physical memory assigned to process): 220M, peak: 220M
current process commit charge ("private bytes"): 254M, peak: 355M

vm_info: Java HotSpot(TM) 64-Bit Server VM (17.0.3+8-LTS-111) for windows-amd64 JRE (17.0.3+8-LTS-111), built on Mar  9 2022 22:40:21 by "mach5one" with MS VC++ 16.8 / 16.9 (VS2019)

END.
